True positives against RRM stacking
1 ----ASLYVGDLHPD...RRSLGYAYVNFQQPA 0.082 SYPMASLYVGDLHPD...RRSLGYAYVNFQQPA
2 KESRGFAFVRFHDKR...YGRVGDVYIPRDRYT 0.974 None

Unique false positives <= 0.5A
1 WNGLTFNFETILQAH...SSGEFTLWNGLTFNF 0.208
2 MNAVTTKFVRTSTNK...NDHTSKFWTRNRPGD 0.210
3 LAGPDDIYVSPSQIR...ILQDGFGFLRSADSS 0.232
4 ----MKLYFNGGKKK...TIMDNASYVEILNGK 0.235
5 HVTVKKLFVGGIKED...GKKRGFGFVTFDDHD 0.255
6 GYIGEFEFIEDGRAG...EDGRAGIFKVELIGK 0.277
7 AVEDRKLFIGMISKK...GLSRGCAFVTFTTRA 0.279
8 TIASEIYYDPDPRST...---QQSPWLLRLELD 0.309
9 --SMNKLYIGNLSEN...LVKTGYAFVDCPDES 0.310
10 DTMFTKIFVGGLPYH...QKSRGYGFVTMKDRA 0.314
11 --DAIKMFVGQVPRT...PQSKGCCFVTFYTRK 0.314
12 FRVRELEHLAGENRT...LIPCKGVFRRKSEVK 0.316
13 PEQLRKLFIGGLSFE...KRSRGFGFVTYATVE 0.322
14 VDAQKSYFIPPPQMK...ATEKGFGFLEVDAQK 0.330
15 DEDERTVYVELLPKN...GDPKGFAFVEFETKE 0.330
16 NDTKEDVFVHQTAIK...NVRNGYGFINRNDTK 0.342
17 FLDNDFYFKKGNNFI...YFKKGNNFISNSEVF 0.348
18 IFKPCGTFHHKFGTL...SNNRVQIFKPCGTFH 0.351
19 KVYSRTLFIGGVPLN...NNSRKHAFVKVYSRH 0.355
20 DVIASYPHEVDASLL...GDDVIASYPHEVDAS 0.356
21 VIKDANLYISGLPRT...GLSRGVAFIRFDKRS 0.359
22 HCNEHQEHEVEKVRS...-MQMPRRFNTYCPHC 0.363
23 TRPNHTIYINNLNEK...LKMRGQAFVIFKEVS 0.365
24 VFEPNGNFLCKFGTH...RNHRIQVFEPNGNFL 0.366
25 YGAERHGFLPLKEIA...EPSLEAAFVDYGAER 0.367
26 KIMPNTVFVGGIDVR...GVSKGYGFVSFYNDV 0.369
27 DVLASYPFPIDCLEL...GDDVLASYPFPIDCL 0.373
28 KKLMAQIFFGPTYYQ...HGYQSRGFEVMYNGH 0.379
29 LENPVDVFVHQSKLY...NVRMGFGFISMTSRE 0.381
30 GARISSAFPYSGDTY...FREKSGVYFLYSGPR 0.383
31 FNRNDSQHLFIEPRT...GDEKGVVFCYWFNRN 0.385
32 ELPTFHDYDMVKLDI...VEELPTFHDYDMVKL 0.387
33 PGKCFRLYTEAAYQS...TFPVEILYSREPEPD 0.390
34 DFQNPRVFAQDVNIY...PAYGQSRYFAAVRCG 0.394
35 LEYYRKQYNQEITDL...EVSFLEYYRKQYNQE 0.395
36 LFGPDGTFLNKYGFE...RNHRVQLFGPDGTFL 0.396
37 KSGVGNIFIKNLDKS...--SKGYGFVHFETQE 0.399
38 LFRPFKGYEGSLIKL...QPVGFVSFDSRSEAE 0.401
39 IPSKVLVFSDITHLD...ADIKHHLFAFSRSTK 0.402
40 CERQARLFFHFSQFS...KLLHSYGFIQCCERQ 0.402
41 VPIIKTCHLPTGIEC...FFCDSEDWRLINFIE 0.405
42 EIDVFLLFPEEFSKE...EVDVVPCYKLKEPKN 0.406
43 LSHDEEVFFHFSNYM...VMKENFGFIETLSHD 0.406
44 VEDGKKLFFHMSEVQ...SIKGQFGFLNFEVED 0.407
45 DLILNVGYSHPVEIK...ILNVGYSHPVEIKAE 0.409
46 PGKCFRLYTKYAYLS...VHPVEVYYTSAPESN 0.413
47 QPVPFKQHNSGVGHK...EGDQPVPFKQHNSGV 0.414
48 IMAKNEVFCVDPAKG...LRYHNKVYCTTSKSA 0.422
49 CDVLADFYDQFADQL...LADFYDQFADQLHES 0.426
50 KILHIQTHEKFIRDS...HIQTHEKFIRDSQEK 0.431
51 -KESCKMFIGGLNWD...GRSRGFGFLSFEKPS 0.433
52 TRQARRLYVGNIPFG...NQDKKFAFLEFRSVD 0.433
53 RGDKIYLHPLEVVYL...HHHIGGDFAVVKAKK 0.433
54 ADRPGKLFIGGLNTE...NKSRGFAFVTFESPA 0.438
55 ---GWCIFIYNLGQD...NKCKGFGFVTMTNYE 0.438
56 IFTFDGQFLLKFGEK...DNHRIQIFTFDGQFL 0.439
57 -----KVFIGRLPIM...LTYSSGLFVDVKKRT 0.440
58 IDIATHRHGCCVLQR...SCIDIATHRHGCCVL 0.440
59 APIHVDFYMVTYGEP...SMIAAVAYNKENNVS 0.443
60 EVRLLKGFLKANGIY...EAPSLGFFKPKHPLE 0.444
61 PDSAHKLFIGGLPNY...GLSKGYAFCEYVDIN 0.444
62 EKLNKVRWRVFLQTG...NKVRWRVFLQTGLPT 0.445
63 PGKCFRLYTEEAFKK...THPVEIFYTPEAERD 0.446
64 IMAKSEVFCVQPEKG...LRHHNMVYATTSRSA 0.448
65 QYGNYCKYYGYRNPS...NYCKYYGYRNPSCED 0.449
66 LHDLVDYYYFWKEDG...LVDYYYFWKEDGIEE 0.450
67 SIRDANLYVSGLPKT...GVSRGVGFIRFDKRI 0.450
68 PGHCYRLYSSAVFGD...-FPVTVHFN-----D 0.452
69 APGKERDFVAKISWR...SNSIMGWFRQAPGKE 0.453
70 REGIVQVFFDPDRAD...RDLGSLIFIDMRDRE 0.458
71 VMGASYGFQYSPAQR...QAVMGASYGFQYSPA 0.458
72 QDKTGKIFVGGIGPD...GQSRGFGFVTYDSAD 0.459
73 PTDVHRQFAIVFKTP...DFSPTDVHRQFAIVF 0.459
74 YPKPALLHSTFFPAL...FLRRGIFFSHRDMNQ 0.460
75 LWLSQSAFSHIVSEA...LSDIEVCYFSSEKSL 0.460
76 DVKNRSVYIKGFPTD...KAFKGSIFVVFDSIE 0.461
77 -EEVRTLFVSGLPLD...TSKQPVGFVSFDSRS 0.463
78 IELSIHKFGSNVIEK...RAIELSIHKFGSNVI 0.466
79 SVTGLRDYHTVLGAR...SHETIQTWREYLCDA 0.468
80 VFNYEGQYLRQIGGE...RAHCVKVFNYEGQYL 0.469
81 IGAARVGWVDGAYVL...VGWVDGAYVLNPTLD 0.469
82 LDRLEDIWSTFTKLA...LEDIWSTFTKLAPKQ 0.470
83 ATLRKYTYGKHILAK...HIATLRKYTYGKHIL 0.471
84 KEQFRKLFIGGLSFE...KRSRGFGFVTFSSMA 0.471
85 FGLSCHKYASHVLET...VFFGLSCHKYASHVL 0.473
86 IFKVSIKWVSCVSLQ...PKIDIYHYELDIKPE 0.473
87 VVFEDLNFGFKRGRF...FEDLNFGFKRGRFKV 0.475
88 KDTSMVLFFVCLSCS...HSRENVFFQSQQRRK 0.476
89 NKCTQYEFDIHHVLC...GFNKCTQYEFDIHHV 0.477
90 GADAVRCYLLFKTTY...AVRCYLLFKTTYNAP 0.478
91 IFKVSIKWLAIVSWR...PKIDVYHYEVDIKPD 0.479
92 -EEENYPYVVEREIE...---EEENYPYVVERE 0.480
93 GADTVRLFMMFASPA...TVRLFMMFASPADMT 0.480
94 ADTSRHNHLRNRIEN...LLADTSRHNHLRNRI 0.481
95 GDEKNPLYKYYEETG...KNPLYKYYEETGNYL 0.481
96 DTPTDKKFAYASKGP...KALDGRAYVLRFDPE 0.482
97 FVTPSGKYEYTVMPF...KDRYKTAFVTPSGKY 0.483
98 LALSQHKFASNVVEK...KVLALSQHKFASNVV 0.484
99 DEFLSAEHPLGAHLR...LASVGYRWKSDDLDY 0.484
100 PGAQFAVWWPEGGKW...WWPEGGKWLELGGAG 0.484
101 KNIYYGEFLNYFMSN...YYGEFLNYFMSNNGN 0.485
102 LPPSFKDYHQFKAYV...SFKDYHQFKAYVSSF 0.486
103 SSVKNPAFHFWGQLT...KNPAFHFWGQLTALL 0.487
104 TLPVNVAFELWAKRN...VNVAFELWAKRNIKP 0.488
105 ITISTHKHGCCVLQK...NIITISTHKHGCCVL 0.488
106 TPLEALAHQIFHLTR...EALAHQIFHLTRLYP 0.488
107 KIAVIGVFGVPGSGK...NICTQVYHKSISRRC 0.490
108 GKVVGDKWESYLNLL...VGDKWESYLNLLQED 0.490
109 GPEGANLFIYHLPQE...NLSKCFGFVSYDNPV 0.491
110 YSFVNDKFMPPDDPL...ERLLMYSFVNDKFMP 0.494
111 FEGNTAPYMQYAYTR...NTAPYMQYAYTRVLS 0.495
112 TRGSDEQHLKWSGLV...SDEQHLKWSGLVESK 0.496
113 IFDKEGRFKFQFGEC...NNHRIQIFDKEGRFK 0.498
114 GYVMHANYIFWRNTN...MHANYIFWRNTNPIQ 0.498
115 DFLVPYRHEPGLFYA...ARDFLVPYRHEPGLF 0.498

False positives against RRM non-stacking
HVTVKKLFVGGIKED...GKKRGFGFVTFDDHD 0.255 HLTVKKIFVGGIKED...GKKRGFAFVTFDDHD
AVEDRKLFIGMISKK...GLSRGCAFVTFTTRA 0.279 AVEDRKLFIGMISKK...GLSRGCAFVTFTTRA
--SMNKLYIGNLSEN...LVKTGYAFVDCPDES 0.310 ---MNKLYIGNLSEN...LVKTGYAFVDCPDES
DTMFTKIFVGGLPYH...QKSRGYGFVTMKDRA 0.314 DTTFTKIFVGGLPYH...GKSRGYGFVTMADRA
--DAIKMFVGQVPRT...PQSKGCCFVTFYTRK 0.314 DLDAIKMFVGQVPRT...PQSKGCCFVTFYTRK
PEQLRKLFIGGLSFE...KRSRGFGFVTYATVE 0.322 PEQLRKLFIGGLSFE...KRSRGFGFVTYATVE
DEDERTVYVELLPKN...GDPKGFAFVEFETKE 0.330 DEDERTVYVELLPKN...GDPKGFAFVEFETKE
KVYSRTLFIGGVPLN...NNSRKHAFVKVYSRH 0.355 KVYSRTLFIGGVPLN...NNSRKHAFVKVYSRH
VIKDANLYISGLPRT...GLSRGVAFIRFDKRS 0.359 VIKDANLYISGLPRT...GLSRGVAFIRFDKRS
TRPNHTIYINNLNEK...LKMRGQAFVIFKEVS 0.365 TRPNHTIYINNLNEK...LKMRGQAFVIFKEVS
KIMPNTVFVGGIDVR...GVSKGYGFVSFYNDV 0.369 KIMPNTVFVGGIDVR...GVSKGYGFVSFYNDV
KSGVGNIFIKNLDKS...--SKGYGFVHFETQE 0.399 KSGVGNIFIKNLDKS...NGSKGYGFVHFETQE
-KESCKMFIGGLNWD...GRSRGFGFLSFEKPS 0.433 SKESCKMFIGGLNWD...GRSRGFGFLSFEKPS
TRQARRLYVGNIPFG...NQDKKFAFLEFRSVD 0.433 TRQARRLYVGNIPFG...NQDKNFAFLEFRSVD
ADRPGKLFIGGLNTE...NKSRGFAFVTFESPA 0.438 ADRPGKLFIGGLNTE...NKSRGFAFVTFESPA
---GWCIFIYNLGQD...NKCKGFGFVTMTNYE 0.438 ASSGWCIFIYNLGQD...NKCKGFGFVTMTNYE
PDSAHKLFIGGLPNY...GLSKGYAFCEYVDIN 0.444 PDSAHKLFIGGLPNY...GLSKGYAFCEYVDIN
SIRDANLYVSGLPKT...GVSRGVGFIRFDKRI 0.450 SIRDANLYVSGLPKT...GVSRGVGFIRFDKRI
QDKTGKIFVGGIGPD...GQSRGFGFVTYDSAD 0.459 QDKTGKIFVGGIGPD...GQSRGFGFVTYDSAD
DVKNRSVYIKGFPTD...KAFKGSIFVVFDSIE 0.461 DVKNRSVYIKGFPTD...KAFKGSIFVVFDSIE
-EEVRTLFVSGLPLD...TSKQPVGFVSFDSRS 0.463 EEEVRTLFVSGLPLD...TSKQPVGFVSFDSRS
KEQFRKLFIGGLSFE...KRSRGFGFVTFSSMA 0.471 KEQFRKLFIGGLSFE...KRSRGFGFVTFSSMA
GPEGANLFIYHLPQE...NLSKCFGFVSYDNPV 0.491 GPEGANLFIYHLPQE...NLSKCFGFVSYDNPV
--MKSRLFIGNLPLK...NIKNAFGFIQFDNPQ 0.524 IPPKSRLFIGNLPLK...NIKNAFGFIQFDNPQ
PLRSRKVFVGRCTED...KPFRAFAFVTFADDQ 0.531 PLRSRKVFVGRCTED...KPFRAFAFVTFADDQ
SIKDTNLYVTNLPRT...GRPRGVAFVRYNKRE 0.533 SIKDTNLYVTNLPRT...GRPRGVAFVRYNKRE
STTPFNLFIGNLNPN...GTNRKFGYVDFESAE 0.545 STTPFNLFIGNLNPN...GTNRKFGYVDFESAE
GDAFKTLFVARVNYD...GKPRGYAFIEYEHER 0.548 GDAFKTLFVARVNYD...GKPRGYAFIEYEHER
RSMNSRVFIGNLNTL...SVHKGFAFVQYVNER 0.558 RSMNSRVFIGNLNTL...SVHKGFAFVQYVNER
KSQPKRLHVSNIPFR...RGSKGFGFVTFENSA 0.582 KSQPKRLHVSNIPFR...RGSKGFGFVTFENSA
-MTECTLWMTNFPPS...NTSRRFAYIDVTSKE 0.928 HLTECTLWMTNFPPS...NTSRRFAYIDVTSKE
