True positives against RRM stacking
1 SIKDTNLYVTNLPRT...GRPRGVAFVRYNKRE 0.086 SIKDTNLYVTNLPRT...GRPRGVAFVRYNKRE
2 -RPNHTIYINNLNEK...LKMRGQAFVIFKEVS 0.108 TRPNHTIYINNLNEK...LKMRGQAFVIFKEVS
3 --MGWXIFIYNLGQD...NKCKGFGFVTMTNYE 0.121 ASSGWCIFIYNLGQD...NKCKGFGFVTMTNYE
4 HLTECTLWMTNFPPS...NTSRRFAYIDVTSKE 0.159 HLTECTLWMTNFPPS...NTSRRFAYIDVTSKE
5 EEEVRTLFVSGLPLD...TSKQPVGFVSFDSRS 0.163 EEEVRTLFVSGLPLD...TSKQPVGFVSFDSRS
6 RSMNSRVFIGNLNTL...SVHKGFAFVQYVNER 0.208 RSMNSRVFIGNLNTL...SVHKGFAFVQYVNER
7 VIKDANLYISGLPRT...GLSRGVAFIRFDKRS 0.216 VIKDANLYISGLPRT...GLSRGVAFIRFDKRS
8 GPEGANLFIYHLPQE...NLSKCFGFVSYDNPV 0.231 GPEGANLFIYHLPQE...NLSKCFGFVSYDNPV
9 GDAFKTLFVARVNYD...GKPRGYAFIEYEHER 0.235 GDAFKTLFVARVNYD...GKPRGYAFIEYEHER
10 PDSAHKLFIGGLPNY...GLSKDYAFCEYVDIN 0.240 PDSAHKLFIGGLPNY...GLSKGYAFCEYVDIN
11 --MKSRLFIGNLPLK...NIKNAFGFIQFDNPQ 0.247 IPPKSRLFIGNLPLK...NIKNAFGFIQFDNPQ
12 SIRDANLYVSGLPKT...GVSRGVGFIRFDKRI 0.250 SIRDANLYVSGLPKT...GVSRGVGFIRFDKRI
13 CPLDCKVYVGNLGNN...RNPPGFAFVEFEDPR 0.268 CPLDCKVYVGNLGNN...RNPPGFAFVEFEDPR
14 PIYSCKVFLGGVPWD...CPPKGYVYLVFELEK 0.279 None
15 KSGVGNIFIKNLDKS...--SKGYGFVHFETQE 0.283 KSGVGNIFIKNLDKS...NGSKGYGFVHFETQE
16 --SMNKLYIGNLSEN...LVKTGYAFVDCPDES 0.294 ---MNKLYIGNLSEN...LVKTGYAFVDCPDES
17 ADRPGKLFIGGLNTE...NKSRGFAFVTFESPA 0.295 ADRPGKLFIGGLNTE...NKSRGFAFVTFESPA
18 REGIVQVFFDPDRAD...RDLGSLIFIDMRDRE 0.317 None
19 PLRSRKVFVGRCTED...KPFRAFAFVTFADDQ 0.319 PLRSRKVFVGRCTED...KPFRAFAFVTFADDQ
20 DTMFTKIFVGGLPYH...QKSRGYGFVTMKDRA 0.319 DTTFTKIFVGGLPYH...GKSRGYGFVTMADRA
21 --DAIKMFVGQVPRT...PQSKGCCFVTFYTRK 0.331 DLDAIKMFVGQVPRT...PQSKGCCFVTFYTRK
22 KEQFRKLFIGGLSFE...KRSRGFGFVTFSSMA 0.331 KEQFRKLFIGGLSFE...KRSRGFGFVTFSSMA
23 KVYSRTLFIGGVPLN...NNSRKHAFVKVYSRH 0.332 KVYSRTLFIGGVPLN...NNSRKHAFVKVYSRH
24 AVEDRKLFIGMISKK...GLSRGCAFVTFTTRA 0.366 AVEDRKLFIGMISKK...GLSRGCAFVTFTTRA
25 KIMPNTVFVGGIDVR...GVSKGYGFVSFYNDV 0.369 KIMPNTVFVGGIDVR...GVSKGYGFVSFYNDV
26 KSQPKRLHVSNIPFR...RGSKGFGFVTFENSA 0.378 KSQPKRLHVSNIPFR...RGSKGFGFVTFENSA
27 ---ARRLYVGNIPFG...NQDKNFAFLEFRSVD 0.381 TRQARRLYVGNIPFG...NQDKNFAFLEFRSVD
28 HLTVKKIFVGGIKED...GKKRGFAFVTFDDHD 0.390 HLTVKKIFVGGIKED...GKKRGFAFVTFDDHD
29 PEQLRKLFIGGLSFE...KRSRGFGFVTYATVE 0.406 PEQLRKLFIGGLSFE...KRSRGFGFVTYATVE
30 GDGPRRLHVSNIPFK...RGSKGFGFVTMQNPD 0.417 TDGPRRLHVSNIPFK...RGSKGFGFVTMQNPD
31 CERQARLFFHFSQFS...KLLHSYGFIQCCERQ 0.429 None
32 LDPPVDVFVHQSKLH...NVRMGFGFLSMTARA 0.432 None
33 ERYSRKVFVGGLPPD...FPPKGYAFLLFQDES 0.447 None
34 GSHMKKIFVGGLSVN...NRHRGFGFVTFESED 0.448 VTRTKKIFVGGLSVN...NRHRGFGFVTFESED
35 NDTKEDVFVHQTAIK...NVRNGYGFINRNDTK 0.451 None
36 STTPFNLFIGNLNPN...GTNRKFGYVDFESAE 0.456 STTPFNLFIGNLNPN...GTNRKFGYVDFESAE
37 VEGQDDVFVHFSAIQ...NSEKGFGFIEVEGQD 0.460 None
38 LSHDEEVFFHFSNYM...VMKENFGFIETLSHD 0.471 None
39 ----CKMFIGGLSWQ...KRSRGFGFVTFMDQA 0.471 PHDPCKMFIGGLSWQ...KRSRGFGFVTFMDQA
40 NVRNGYGFINRNDTK...KVLGTVKWFNVRNGY 0.553 None
41 NVRMGFGFLSMTARA...HGAGICKWFNVRMGF 0.554 None
42 NSEKGFGFIEVEGQD...MLEGKVKWFNSEKGF 0.587 None
43 NPKKESVFEYDLIKD...KKESVFEYDLIKDKR 0.692 None
44 MGWCIFIYNLGQDAD...GAMGWCIFIYNLGQD 0.760 None
45 EGANLFIYHLPQEFG...GPEGANLFIYHLPQE 0.772 None
46 TKEDVFVHQTAIKRN...NDTKEDVFVHQTAIK 0.821 None
47 QHTPGYKFHEWELKG...HTPGYKFHEWELKGV 0.903 None
48 NPPSRVVYLGSIPYD...GRSKGYAFIEFRDLE 0.921 NPPSRVVYLGSIPYD...GRSKGYAFIEFRDLE
49 NGIWSSTFYGNKRLS...GIWSSTFYGNKRLSE 0.962 None

Unique false positives <= 0.5A
1 IKERVHFFAETGITF...RRFGPDRFFEILIPS 0.144
2 SVTGLRDYHTVL---...----IQTWREYLCDA 0.155
3 DEPVATYFLPVGMTP...KELEEGAFLVLRRED 0.159
4 AAGHELVYTGMSKMS...GMVLADAFYYVGENG 0.161
5 FNKLELLYRYSCIDD...FPDIDGFFGSRGPFL 0.171
6 EYPGKEAFMHISEVA...RIHNYGAFLELDEYP 0.174
7 NGQAELFYRPKS---...RRFTSDKFFFHVPIT 0.176
8 PDGDRDIFIDGVVAR...PKKFHEAFIPSPDGD 0.179
9 YTVFEHTFHVREGDE...GDEQRTFFSFPAVVA 0.185
10 DDYDYVMYGTAYKFE...NLKQENAYLLIRR-- 0.191
11 HAIVLSKYK------...EKLENSNFETIQIIN 0.198
12 ----EQYYGTGRRKE...KEAVARVFLRPGNGK 0.202
13 GENWRQIYHPGGNKL...MRLDNATWGRITFGP 0.205
14 FLDNDFYFKKGNNFI...YFKKGNNFISNSEVF 0.208
15 LIKEDEVFLGHIPLM...LTYQAPLYARLQLIH 0.218
16 TIASEIYYDPDPRST...---QQSPWLLRLELD 0.223
17 EATNKNFFVIFDNIF...IPLSNQTFTLNTFVN 0.224
18 -----KVFIGRLPIM...LTYSSGLFVDVKKRT 0.225
19 EFFKQEEYVKIPKDR...DSETGEVWITSTKET 0.234
20 YSFVNDKFMPPDDPL...ERLLMYSFVNDKFMP 0.235
21 LSLLFAYFTGELNIH...LSLRCPNFFFPLPAP 0.239
22 DVKNRSVYIKGFPTD...KAFKGSIFVVFDSIE 0.245
23 YGAERHGFLPLKEIA...EPSLEAAFVDYGAER 0.250
24 GVPSRVIHIRKLPID...LKGKNQAFIEMNTEE 0.251
25 EVRLLKGFLKANGIY...EAPSLGFFKPKHPLE 0.254
26 TLRANIDYGFALART...GVLGVKAYIFLGEV- 0.254
27 VPIIKTCHLPTGIEC...FFCDSEDWRLINFIE 0.259
28 DGGYAFKYENGKYDI...FKYENGKYDIKDVGV 0.264
29 CTAHYVAYHVESKVY...YHVESKVYAVATSTN 0.266
30 FDQIGCTYSIRFRGV...PLGFKESWGFGKVVF 0.266
31 GEGVERVFPFASPLV...GSGSRKSFTVRKISF 0.269
32 VKYRAVVFKPFKGEV...------MFFIKDLSL 0.273
33 KKQNRPHYYCFEDSN...--MIRNGFYIIKDRF 0.276
34 RESVSRIYVGNLPSH...VSGAAFAFIEFEDAR 0.276
35 RRYRYIIYNHRLRPA...NVTRHGPYVVVDIKA 0.278
36 KVDGLVFFVENALPS...KVNKKIGFGKVEKYL 0.279
37 EFDGTKVFLGNGISE...AGDVISVYSDIKGKC 0.281
38 VPRWVLEHISKSKIM...TERFEDVWVVSGPLT 0.284
39 TRDFLSKYTKTTSID...PILLSNNFIEPLEIT 0.284
40 NGEAELFYRKQSIPK...KRFTEDKFFFHCPIT 0.284
41 YTPVGRSFFTASEGC...GREVWFGFHQSVRPS 0.284
42 ---PQVQFKLVLVGD...TNRGPIKFNVWDTAG 0.291
43 DVGPLNVFVSTRLIP...NVSPIGFFADVGPLN 0.292
44 IPKIDIYHYELDIKP...FDGRKNLYTAMPLPI 0.295
45 EYNAIVVFQDL----...KQTGIIYYVPAGFTS 0.298
46 -KESCKMFIGGLNWD...GRSRGFGFLSFEKPS 0.299
47 DYDGDMAWVCWDPEI...IRVGRSAYIYMIADF 0.300
48 GTSRPSHYHVLWDDN...THPYEFDFYLCSHAG 0.301
49 VRTQGREYGEFVLEP...DKLTLRIWTDGSVTP 0.304
50 ---MPLIFKIGYNVI...RLSSIIAFSTQANVL 0.306
51 LCLSGAPFMGPIGAA...DRPIRPLFVKGFKNE 0.306
52 ERAQEILYVLYTHGH...FLQGKNPFRPAGLEV 0.306
53 VGHTIAVYNGKQHVP...AVYNGKQHVPVYITE 0.309
54 ----PKFYCDYCDTY...YCDYCDTYLTHDSPS 0.313
55 GVGVERTFPLHTPKI...GGGVSETFTVRKISS 0.313
56 SGRTLARFEDGEFKD...ARFEDGEFKDEVFLP 0.314
57 ELGKENVFSTLSPIV...IRGSLMVFRYAGSEE 0.314
58 FVTPSGKYEYTVMPF...KDRYKTAFVTPSGKY 0.316
59 PGAQFAVWWPEGGKW...WWPEGGKWLELGGAG 0.318
60 EEFCYLLFECQIKEI...EERGTAVFAVKFRKP 0.322
61 YEEGGELFAAVAGKL...YVKGEGVYEEGGELF 0.323
62 FQVQGNKFFIFNNFA...GGYLLQGFTVSLTHV 0.324
63 GDEICLRYKGDLAPL...PVEVTHNFQVDFVWK 0.328
64 RCGEKSYHTKKKVCS...GKKNTTTHTKCRRCG 0.329
65 TVFEHTFHVREGDEQ...EGDEQRTFFSFPAVV 0.329
66 QDKTGKIFVGGIGPD...GQSRGFGFVTYDSAD 0.330
67 YSGGDIYHSLSR---...CQIYGACYSIEPLDL 0.330
68 IMAKSEVFCVQPEKG...LRHHNMVYATTSRSA 0.330
69 IFKVSIKWVSCVSLQ...PKIDIYHYELDIKPE 0.330
70 LVLWEQQFMINNDLI...QYNRHNTFRIAMCAN 0.330
71 APGKERDFVAKISWR...SNSIMGWFRQAPGKE 0.331
72 DYEKHKVYACEVTHQ...SSPVTKSFNRG---- 0.336
73 SSGVFYRYANINLAQ...-SNFINIHVLISHSP 0.336
74 NETPGIRYQYNVLPQ...DFRKYTAFTIPSINN 0.338
75 IYGYSGVFICGPSPH...ICGPSPHWLLVTGRG 0.338
76 ANEPITVFCAGRTDA...HGTGQVVHFETTALR 0.344
77 CDIQLYDWVDGQYIP...YDWVDGQYIPTAELN 0.345
78 SKTKSSAFLYNPEEF...QPLKAIFFFSSKKQF 0.347
79 LNKITNAHYVCDTAE...AKHVKEVYGVELIPE 0.347
80 SFDGRGNYNLGLREQ...RGLNPNSFDGRGNYN 0.348
81 EGFDFLHYDVKTGDF...YDVKTGDFILHFKMN 0.348
82 IEPHGWIWCSGSMVR...SMVRAVDFIYCDSEN 0.349
83 DWGIHVKYKTFEIPV...KPKQFSSFEKRAKIF 0.351
84 MEYRLKAYYREGEKP...RHLNRKVYVDLVEFD 0.351
85 VFNYEGQYLRQIGGE...RAHCVKVFNYEGQYL 0.352
86 AQHGFYPYEWPEPIL...LLAQHGFYPYEWPEP 0.352
87 HMRKNDCWNGESFTG...DCWNGESFTGKLADQ 0.352
88 MEALGYVYAL----K...----KGKWVAKYPPC 0.353
89 FRVRELEHLAGENRT...LIPCKGVFRRKSEVK 0.354
90 TNTGVTYYERERG--...SYSNKVFYTNTGVTY 0.355
91 KPKQFSSFEKRAKIF...PHPKPKQFSSFEKRA 0.355
92 SFKVIPRFALSPKIY...VKKRPFTFLAQKDEL 0.356
93 QLQEKALFAVPKNYK...YPLTNYTFGTKEPLY 0.356
94 -GWCIFIYNLGQDAD...NTNKCKGFGFVTMTN 0.357
95 IDVPDGFFCERRRTA...TNFFGMRHMNGFPMI 0.358
96 DNGSYLRWDNEQQLF...WDNEQQLFEINIRNR 0.359
97 ERNTNYIWNKTVDLK...TGERNTNYIWNKTVD 0.361
98 LMPQDLTFNAGSNPP...AGSNPPSYQSSEDVI 0.362
99 PSYEFEVYLPFKGER...ERSSEEAWISVGSFN 0.363
100 TVSVPAPFIKHTKYL...IPFQIGGYLLQGFTV 0.363
101 FAARTSVFLVRVGPG...VPGGLFGFAARTSVF 0.363
102 IDYLCNSHHLYRDKH...LYRDKHYFVRGGMPS 0.364
103 DWIAVSLYGTIGAPI...KGLEHETFGVGINHI 0.365
104 KRELEQWYLRITAYA...MWEKGLAYRAKGLVN 0.366
105 SHLDGSRHMLSPERS...QSEEGVTFKSHLDGS 0.368
106 RNVAKRRFEYSKYRP...LTPSSEVYSPIEKES 0.369
107 QGTSRPSHYHVLWDD...HPTEFDFYLCSHAGI 0.371
108 TRSFDLLFRGLEITS...KERWGSDWLFVTRYP 0.371
109 KKFNGSTFVTLSPIA...QTAWHLVFRAYGNDD 0.371
110 FIYNDSEFTLSHGSV...HHNDHKTFIYNDSEF 0.372
111 SFDEKKPYTYPPSPN...AFSNKAQFPDLSYSI 0.374
112 LKDGYKIFINVIYKF...SYDDLKEWIIKLDEN 0.375
113 GTCWEQQYTPGGEAE...ERLTHGTFGPVKFYN 0.375
114 KFTLTDAFPFQFGPF...FSNDTSLYVIANESD 0.375
115 SSFDRIMYVPEEDLF...YVPEEDLFEFALDYK 0.376
116 KISNQAEFIASFYNN...KPYRFDVYLDNGVYK 0.376
117 RVLSGWKFAKEVRLN...IARVLSGWKFAKEVR 0.377
118 LNLYRIEYRPKDTTF...KALRDYGWYISPEEE 0.377
119 ETGDGVVFRLDRLGI...MRKLHFHYENYHEET 0.378
120 TTDKILKYQFKTPWM...MVGFRGEFYINFDIP 0.379
121 -----PTFKLVLVGD...----EIKFDVWDTAG 0.380
122 HITKPKEHKKLFLVQ...DDCIGNWWRPNFEPP 0.380
123 AGRTEPGHCYRLYSS...LTIPGIKYVVDCGKV 0.380
124 FNRISKEFISKAQLL...NLFLTNVFNRISKEF 0.381
125 PSAEVDVWFANK--G...NK--GAAWVEWGGCG 0.381
126 ADAKFIIWTTTPWTI...DKRSASIYVAFNVKD 0.382
127 SGELRRVHSECYATI...VQGKESDYVIVRLPS 0.382
128 DVIASYPHEVDASLL...GDDVIASYPHEVDAS 0.383
129 DRQGTGIWQCSYCDY...CSYCDYKFTGGSYKP 0.386
130 -FERTKPHVNVGTIG...EYDTPTRHYAHVDCP 0.387
131 HAEEGPTHFIALGKI...LNTLKPKYWISGHMH 0.390
132 LEWVGAIYRGSGSEW...GFSLSGFWLNWVRQA 0.390
133 ----TVYHCKVFQFK...ISKTWEGYLQDCKFK 0.391
134 --KEPSYFFRLSKYQ...CYKRGDIYLGEYE-- 0.391
135 ITKPASVFVQLRRKS...DDIQIRFYEEEENGG 0.392
136 LAGPDDIYVSPSQIR...ILQDGFGFLRSADSS 0.392
137 AGAKSGIFTGLMVVN...NQERVPLYVANYVMP 0.393
138 YFLDNMTYSSVAGTV...WMRGHGTYFLDNMTY 0.393
139 VYYCARRYRSYYSRY...SGFYISSYSIHWVRQ 0.394
140 TMAEIEHFVDPSEKD...FNQGKLPFAAAQIGN 0.394
141 AFLIGCNYLGKPREQ...LYKLMGHFAWWTAFV 0.395
142 AYEAANSYTCAATHK...TSPIVKSFNANEC-- 0.398
143 KKLMAQIFFGPTYYQ...HGYQSRGFEVMYNGH 0.398
144 ----GVKYTCGACAH...CGACAHNFSLNKSDP 0.399
145 EIFSHLAYKKLKRKV...VKLLSDYFPMARLLD 0.400
146 KKLDLEAWFPGSGAF...WFPGSGAFRELVSCS 0.401
147 DFLVPYRHEPGLFYA...ARDFLVPYRHEPGLF 0.401
148 IANYASVYPVVEVER...RKWSYVLYAKIVVLS 0.402
149 DIEGGHVFFEIDTKF...GRVTLEPYDIEGGHV 0.403
150 ASHGHFYFNNIDSKF...FNNIDSKFNFEHGNK 0.403
151 FIENGRWWAFEMRKF...RNRAFRPFIENGRWW 0.405
152 KPQFGDKFDAAVITI...LDDDKTVYYVHYSNL 0.406
153 --EIPQWFIKITAYA...LYKKGLVYKKTSAV- 0.406
154 AAFKTIKFSGGEGIN...GEGINQWYNVTLTEG 0.408
155 FNRNDSQHLFIEPRT...GDEKGVVFCYWFNRN 0.409
156 LRGWEGVHWLDSEKP...LPYQVHQFAIAPASR 0.410
157 YSNSYDFFMRGEEIL...DKYDTDFYILDKFPL 0.411
158 SDGSLLFWHVGVEKE...HPVHEGLFASGGSDG 0.412
159 FQLDDRIHVFYGDAL...ELPSAEIYTIERNEK 0.412
160 LFRPFKGYEGSLIKL...QPVGFVSFDSRSEAE 0.412
161 DKAAKGKWTIASFGS...KGYFEFSFDYKNFGD 0.412
162 EKGNYRTFKVQAKKA...VDVRNPDFVLGVEVR 0.414
163 QAEFIASFYNNDLIK...LSLKPYRFDVYLDNG 0.415
164 LATGNAEYLGWLVVD...SFHHARVYKITSGKK 0.415
165 FRVDIFKHKKTNKFY...WILMDENYEFCFSLY 0.417
166 PVNTGVLHVSAKGK-...K-GVQTAYIDYSSKR 0.420
167 FGLCTFKYDYTDSKY...YDYTDSKYITKSFNF 0.420
168 KDTSMVLFFVCLSCS...HSRENVFFQSQQRRK 0.422
169 VMGSSYGFQYSPKQR...QAVMGSSYGFQYSPK 0.426
170 FVCFNMYYLGVCSCI...KAPYLTLFIGGNHES 0.427
171 LQGKVVLYDGRTGEP...LPVEDMPHLPDGTPV 0.429
172 YETAKRHYSHVDCPG...INTAHVEYETAKRHY 0.432
173 YVISDMNFLDEEGKA...LDEEGKAYTA----- 0.432
174 MPRRFNTYCPHCNEH...YCPHCNEHQEHEVEK 0.433
175 IGAARVGWVDGAYVL...VGWVDGAYVLNPTLD 0.433
176 IMAKNEVFCVDPAKG...LRYHNKVYCTTSKSA 0.433
177 YDTPTRHYAHVDCPG...-NTSHVEYDTPTRHY 0.434
178 LIDGTKVYRKMQKDG...EMATQSPFLIDGTKV 0.435
179 VFLFGKVWIESAETH...WIESAETHVSCCVMV 0.437
180 YRKDGKLYRICPDFK...GDDTDIYYRKDGKLY 0.437
181 SRGFEVMYNGHTGKK...YRREDMPFTAEGIVP 0.437
182 TQTEVFAFHPKLVGS...STKYSDGWIEIATFG 0.437
183 APIHVDFYMVTYGEP...SMIAAVAYNKENNVS 0.437
184 LKRARILYAGNFLV-...ASNTKIAFQIDEYDP 0.440
185 FRATPQWFASISKVR...MADKGLIYKGKKPVY 0.441
186 SKFDKICYNLDKGYF...YNLDKGYFEFSFDYK 0.441
187 RPEHVDFFVLSDEPV...GKLPGLMYNRHLNRK 0.442
188 AAHGHFFYDQASGAY...YDQASGAYSYTNENK 0.443
189 DFQNPRVFAQDVNIY...PAYGQSRYFAAVRCG 0.443
190 GREKTGVFLGAYALN...TGERIPIWTADYVLF 0.443
191 PAVLETTHNGVVARP...QKGDLVSFRIDESGR 0.444
192 ---SPKYYIATGFFR...FDPNCKVYSIKCRFK 0.444
193 KYNPVIVFSFSKRDC...-PAKTVVFTSV---- 0.445
194 KDTNMTLFYVCLNCK...HSRDCVFFQSQQRRK 0.445
195 GLDDPKRYFVRNLVM...VGLADVEFYACLDLK 0.446
196 YIMPEYRYDKKLHKY...YDKKLHKYNNTGRFD 0.446
197 KRRTPQWFVDIRSYA...LYRKGLIYRDDTYVY 0.447
198 QLQQEVEFDVLPAFD...ENPRALSFVLSSPQL 0.447
199 LMDENYEFCFSLYKD...DMFRVDIFKHKKTNK 0.449
200 DDGTVRIWDFLRCHE...FSPTDNKFATCSDDG 0.449
201 KIAVIGVFGVPGSGK...NICTQVYHKSISRRC 0.450
202 NDNLVAVHERSQLLK...TSASISVFRVARKDE 0.451
203 GARISSAFPYSGDTY...FREKSGVYFLYSGPR 0.452
204 PEHTIYVWFDALFNY...FDPEHTIYVWFDALF 0.453
205 KGQCNLRFDDTNPVK...HWSGNVRYSSDYFDQ 0.453
206 IHVKYKTFEIPVIKI...DWGIHVKYKTFEIPV 0.453
207 MNPVDHPHGGGEGRT...SAMNPVDHPHGGGEG 0.454
208 ERKANPKFGEWQVEV...ANPKFGEWQVEVINN 0.456
209 CQVFEKFFPSSTYRR...YQKCCQVFEKFFPSS 0.458
210 VEDGKKLFFHMSEVQ...SIKGQFGFLNFEVED 0.459
211 DYKTGYSFGYAFVDF...KTGYSFGYAFVDFTS 0.460
212 ---GNKVHIGKVPIM...LTYSSPVYLDMEKSM 0.460
213 IPKIDVYHYDVDIKP...YDGKRNMYTAHPLPI 0.461
214 APAAFKYFDTTIDRK...GAPAAFKYFDTTIDR 0.461
215 PKYLADLFDYKTKRF...FDYKTKRFIEVGITK 0.461
216 KYKPEKIFVVVEDDK...EIDEGALYIVSNKKL 0.462
217 VSQITLKFSGKVGLK...KTAFIFTYHIDF--- 0.463
218 VLQSSGLYSLSSVVT...LGCLVKDYFPEPVTV 0.464
219 NLFGRAWFFMEHTFT...STGKIEVYLSLRCPN 0.466
220 PLLDDPVFIHPSSVL...IVETTKMYMKGVSTV 0.467
221 RHLNLRIFASRLYYH...QXYQVTCYLTWSPCP 0.467
222 RKRKLLLHKHELRRL...RKLLLHKHELRRLLG 0.470
223 AAAPLTTFCTCEACG...KEKKVSYYQLQTRSA 0.470
224 LPIKVFHYNRDEYIE...FHYNRDEYIEVPIKL 0.475
225 ADGKAMLFDGRSGEP...LPVEDMPFLADGTPV 0.475
226 LSEHLKVHKKDHHSH...RINRLSEHLKVHKKD 0.476
227 QDSKDSTYSLSSTLT...VVCLLNNFYPREAKV 0.476
228 KDEKRSKYYIPDTQT...EIATFGIYSPTALAE 0.476
229 GTIAPTSYNVIEDTT...TLPERYDFYLVSQNV 0.477
230 VKRSTYFFS------...QVKRSTYFFS----- 0.478
231 CNLFEACFNSASYRK...YAKCCNLFEACFNSA 0.478
232 ISDFYKKFRDKITVQ...KDKFISDFYKKFRDK 0.478
233 LGGNLHQYTFLFNEF...ERRHAIRFHKLLKVE 0.479
234 LIPDNLVYNPSNSPP...PSNSPPAYMSNDELI 0.479
235 PGTHASKHLPDDVPE...YSERPGTHASKHLPD 0.479
236 VESQINFHGKKLKLG...IVESQINFHGKKLKL 0.480
237 SVFEVTYFKGKAYLA...SSVFEVTYFKGKAYL 0.480
238 RKGLFFEHDLRGQT-...IPRKGLFFEHDLRGQ 0.480
239 IGDAQTEWISIKIHG...DIKVSDPFVIGDAQT 0.482
240 ----GQVYRGFIAVM...ELGQEVEYTLA---- 0.483
241 TLPSLGGFAYSLAFS...IYSGADDFCVHKWLT 0.483
242 QASIIYHYQKEYHKV...IYHYQKEYHKVIDLT 0.484
243 VQTYNQLFEENPINA...FIQLVQTYNQLFEEN 0.484
244 MNAVTTKFVRTSTNK...NDHTSKFWTRNRPGD 0.484
245 NETRLVTYVKKYNPK...FKYELNGYVAKITDN 0.484
246 IEPGWNMFFQLGIGG...GMLRHCRFSGGATTT 0.485
247 PRFLPDLYDYKTNKF...YDYKTNKFIEIGVTR 0.485
248 LWLSQSAFSHIVSEA...LSDIEVCYFSSEKSL 0.486
249 GYIGEFEFIEDGRAG...EDGRAGIFKVELIGK 0.486
250 YAIFPQWWLRMRPLA...YYHEGLAYRAPRLVN 0.486
251 IGKNITVFRFRDEIF...FRFRDEIFVLDGGLA 0.487
252 ARKKYGIYTKVTAFL...FIITQNMFCAGYKQE 0.487
253 LLIYSASYLYSGVPS...KAPKLLIYSASYLYS 0.488
254 DVLASYPFPIDCLEL...GDDVLASYPFPIDCL 0.488
255 AEAGVKVFVVHARSA...GDFPQLTFVTNGGIR 0.489
256 IFTFDGQFLLKFGEK...DNHRIQIFTFDGQFL 0.489
257 VVYKPQKFFRKVESR...RARGSKCFLLTSNAG 0.489
258 FEFTSMFYRDGFVSN...SMFYRDGFVSNFAME 0.489
259 IYNQYGQFVRKFGAT...PTHQIQIYNQYGQFV 0.490
260 AIMPFDGYNFEDAIV...VLVAIMPFDGYNFED 0.491
261 R--ELLYFADVCAGP...TDRKGVHFLMADGGF 0.492
262 AVTWWNTYGPIGDTE...CSIAAVTWWNTYGPI 0.492
263 SAGILIVHYKHPLYD...EIGNPPKYYAILVMD 0.493
264 LLEKALTHVSYSKKE...SYSKKEHYETLEFLG 0.493
265 DYLCNSHHLYRDKHY...HLYRDKHYFVRGGMP 0.494
266 GKRAQAFYKDYKAFF...AQAFYKDYKAFFLSE 0.494
267 GQDFNEYFQGLVRAV...VTVNGQDFNEYFQGL 0.494
268 NEELELEFSNKYVRA...LVDINGTFITNEELE 0.495
269 FEFTSFFYRYGFVAN...SFFYRYGFVANFSME 0.496
270 DYLNHSHHLYKNKTY...HLYKNKTYCVKGGMP 0.496
271 SDRFKELYPTIVVDI...LHINSDRFKELYPTI 0.497
272 --KVSIKWLAIVSWR...PKIDVYHYEVDIKPD 0.497
273 NFLYLASHYE-----...SKYVNFLYLASHYE- 0.497
274 VPSFNKVFVRKNFPA...RASQVPSFNKVFVRK 0.498
275 RSFWRLVFNTADEKD...FDRDRSFWRLVFNTA 0.498
276 ASEDCFNFDPTIDKF...FDPTIDKFIVIYTIS 0.498
277 DDGKYGFYTHVFRLK...IRITDNMFCAGKPRG 0.500

False positives against RRM non-stacking
DVKNRSVYIKGFPTD...KAFKGSIFVVFDSIE 0.245 DVKNRSVYIKGFPTD...KAFKGSIFVVFDSIE
RESVSRIYVGNLPSH...VSGAAFAFIEFEDAR 0.276 RESVSRIYVGNLPSH...VSGAAFAFIEFEDAR
-KESCKMFIGGLNWD...GRSRGFGFLSFEKPS 0.299 SKESCKMFIGGLNWD...GRSRGFGFLSFEKPS
QDKTGKIFVGGIGPD...GQSRGFGFVTYDSAD 0.330 QDKTGKIFVGGIGPD...GQSRGFGFVTYDSAD
DEDERTVYVELLPKN...GDPKGFAFVEFETKE 0.512 DEDERTVYVELLPKN...GDPKGFAFVEFETKE
----ASLYVGDLHPD...RRSLGYAYVNFQQPA 0.571 SYPMASLYVGDLHPD...RRSLGYAYVNFQQPA
