1A9N B TYR 13 PHE 56 0.127
1A9N D TYR 13 PHE 56 0.176
1B7F A TYR 214 PHE 256 0.000
1B7F B TYR 214 PHE 256 0.086
1M5K C TYR 13 PHE 56 0.189
1M5K F TYR 13 PHE 56 0.191
1M5O C TYR 13 PHE 56 0.174
1M5O F TYR 13 PHE 56 0.189
1M5P C TYR 13 PHE 56 0.189
1M5P F TYR 13 PHE 56 0.171
1M5V C TYR 13 PHE 56 0.176
1NB7 B ARG 277 TYR 4 0.144
1OOA A ARG 281 PHE 295 0.130
1SJ3 P TYR 13 PHE 56 0.200
1URN A TYR 13 PHE 56 0.164
1URN B TYR 13 PHE 56 0.163
1URN C TYR 13 PHE 56 0.167
1VC5 A TYR 13 PHE 56 0.150
1VQ6 Z ARG 49 TRP 55 0.185
1YJN Z ARG 49 TRP 55 0.190
2NZ4 A TYR 13 PHE 56 0.171
2NZ4 B TYR 13 PHE 56 0.147
2NZ4 C TYR 13 PHE 56 0.148
2NZ4 D TYR 13 PHE 56 0.174
2OJ3 A TYR 13 PHE 56 0.190
3AEV A PHE 40 PHE 28 0.174
3CUL A TYR 308 PHE 351 0.190
3EGZ A TYR 208 PHE 251 0.158
3G96 A TYR 13 PHE 56 0.185
3G96 C TYR 13 PHE 56 0.193
3HHN B TYR 13 PHE 56 0.152
3HHN D TYR 13 PHE 56 0.155
3IRW P TYR 13 PHE 56 0.155
3K0J A TYR 213 PHE 256 0.147
3K0J B TYR 313 PHE 356 0.125
3L3C C TYR 13 PHE 56 0.108
3L3C D TYR 13 PHE 56 0.182
3MUR P TYR 13 PHE 56 0.130
3MUT P TYR 13 PHE 56 0.184
3MXH P TYR 13 PHE 56 0.137
3S2H H TYR 98 TYR 141 0.191
3UCZ P TYR 13 PHE 56 0.167
3UD3 P TYR 13 PHE 56 0.196
3UD4 P TYR 13 PHE 56 0.140
3ZGZ D TYR 614 PHE 574 0.198
3ZJT A TYR 614 PHE 574 0.180
3ZJU A TYR 614 PHE 574 0.161
4AQ7 A TYR 614 PHE 574 0.175
4ARI A TYR 614 PHE 574 0.188
4C4W A TYR 13 PHE 56 0.166
4C4W B TYR 13 PHE 56 0.176
4C4W E TYR 13 PHE 56 0.149
4C4W F TYR 13 PHE 56 0.162
4N0T A TRP 120 TYR 162 0.188
4PKD B TYR 13 PHE 56 0.143
4PMW B PHE 95 PHE 84 0.179
4QQB A TYR 214 PHE 256 0.141
4QQB B TYR 214 PHE 256 0.119
4QYZ J TYR 85 TRP 107 0.155
4W90 B TYR 13 PHE 56 0.115
4W92 B TYR 13 PHE 56 0.120
5DDP C TYR 12 PHE 55 0.173
5DDQ C TYR 12 PHE 55 0.163
5DDR D TYR 12 PHE 55 0.182
5DET B PHE 27 PHE 65 0.163
5E17 D PHE 283 PHE 269 0.185
5E6M A PHE 539 PHE 551 0.185
5FJ4 E TYR 13 PHE 56 0.174
5GIN F TYR 230 PHE 208 0.198
5H9E J TYR 85 TRP 107 0.195
5KK5 A TYR 789 PHE 869 0.176
5OMW D TYR 614 PHE 574 0.176
5ON2 D TYR 614 PHE 574 0.179
5ON3 A TYR 614 PHE 574 0.188
5ONH A TYR 614 PHE 574 0.199
5ONH D TYR 614 PHE 574 0.189
5TF6 A TRP 120 TYR 162 0.159
6CMN A TYR 13 PHE 56 0.192
6F4G B TYR 10 PHE 53 0.187
6F4G E TYR 10 PHE 53 0.164
6F4H A TYR 10 PHE 53 0.154
6F4H C TYR 10 PHE 53 0.133
6F4H E TYR 10 PHE 53 0.164
6G2K A PHE 247 PHE 289 0.197
6G2K C PHE 247 PHE 289 0.121
6GC5 B PHE 247 PHE 289 0.182
6GC5 C PHE 247 PHE 289 0.172
6GD2 A PHE 247 PHE 289 0.198
6GD3 B PHE 247 PHE 289 0.166
6GD3 C PHE 247 PHE 289 0.195
6IS0 A TYR 456 PHE 539 0.171
6KQF D PHE 283 PHE 269 0.159
6O7B A ARG 434 PHE 451 0.146
6SQN A TYR 13 TRP 56 0.137
6SQN B TYR 13 TRP 56 0.150
6SQN C TYR 13 TRP 56 0.160
6XH3 A TYR 13 PHE 56 0.144
7QR3 A TYR 7 PHE 50 0.158
7QR3 B TYR 7 PHE 50 0.147
7Y7Q A PHE 615 PHE 535 0.166
7Y7Q B PHE 615 PHE 535 0.144
7Y7QA A PHE 615 PHE 535 0.166
7Y7QA B PHE 615 PHE 535 0.144
7Y7QB A PHE 615 PHE 535 0.166
7Y7QB B PHE 615 PHE 535 0.144
7Y7QC A PHE 615 PHE 535 0.166
7Y7QC B PHE 615 PHE 535 0.144
7Y7QD A PHE 615 PHE 535 0.166
7Y7QD B PHE 615 PHE 535 0.144
7Y7QE A PHE 615 PHE 535 0.166
7Y7QE B PHE 615 PHE 535 0.144
7Y7QF A PHE 615 PHE 535 0.166
7Y7QF B PHE 615 PHE 535 0.144
7Y7R A PHE 615 PHE 535 0.178
8GXB D TYR 12 PHE 55 0.140
8GXB E TYR 12 PHE 55 0.151
8GXB F TYR 12 PHE 55 0.197
