1CVJ M RA 4 RA 6 A PHE 142 TYR 14
1CVJ M RA 4 RA 6 A PHE 142 ARG 94
1CVJ M RA 6 RA 8 A TYR 14 TYR 56
1CVJ M RA 6 RA 8 A ARG 94 TYR 56
1CVJ N RA 2 RA 4 B PHE 142 TYR 14
1CVJ N RA 2 RA 4 B PHE 142 ARG 94
1CVJ N RA 4 RA 6 B TYR 14 TYR 56
1CVJ N RA 4 RA 6 B ARG 94 TYR 56
1CVJ O RA 2 RA 4 C PHE 142 TYR 14
1CVJ O RA 2 RA 4 C PHE 142 ARG 94
1CVJ O RA 4 RA 6 C TYR 14 TYR 56
1CVJ O RA 4 RA 6 C ARG 94 TYR 56
1CVJ P RA 2 RA 4 D PHE 142 TYR 14
1CVJ P RA 2 RA 4 D PHE 142 ARG 94
1CVJ P RA 4 RA 6 D TYR 14 TYR 56
1CVJ P RA 4 RA 6 D ARG 94 TYR 56
1CVJ Q RA 3 RA 5 E PHE 142 TYR 14
1CVJ Q RA 3 RA 5 E PHE 142 ARG 94
1CVJ Q RA 5 RA 7 E TYR 14 TYR 56
1CVJ Q RA 5 RA 7 E ARG 94 TYR 56
1CVJ R RA 2 RA 4 F PHE 142 TYR 14
1CVJ R RA 2 RA 4 F PHE 142 ARG 94
1CVJ R RA 4 RA 6 F TYR 14 TYR 56
1CVJ R RA 4 RA 6 F ARG 94 TYR 56
1CVJ S RA 2 RA 4 G PHE 142 TYR 14
1CVJ S RA 2 RA 4 G PHE 142 ARG 94
1CVJ S RA 4 RA 6 G TYR 14 TYR 56
1CVJ S RA 4 RA 6 G ARG 94 TYR 56
1CVJ T RA 2 RA 4 H PHE 142 TYR 14
1CVJ T RA 2 RA 4 H PHE 142 ARG 94
1CVJ T RA 4 RA 6 H TYR 14 TYR 56
1CVJ T RA 4 RA 6 H ARG 94 TYR 56
1FJE A RC 10 RC 12 B TYR 140 PHE 17
1GAX D RC 35 RC 37 B PHE 588 ARG 576
1HJI A RA 7 RA 9 B TYR 39 ARG 36
1IVS D RU 32 RA 34 B ARG 767 PHE 588
1IVS D RC 35 RC 37 B PHE 588 ARG 576
1J2B C RG 15 RU 17 B PHE 229 TYR 104
1JID B RG 12 RG 14 A ARG 101 ARG 14
1JJ2 0 RG 631 RG 633 K ARG 8 HIS 13
1JJ2 9 RA 34 RC 36 M TYR 150 ARG 141
1K73 A RG 631 RG 633 M ARG 8 HIS 13
1K73 A RC 964 RA 966 J PHE 90 TYR 19
1K73 B RA 34 RC 36 O TYR 150 ARG 141
1K8A A RG 631 RG 633 M ARG 8 HIS 13
1K8A B RA 34 RC 36 O TYR 150 ARG 141
1K9M A RG 631 RG 633 M ARG 8 HIS 13
1K9M B RA 34 RC 36 O TYR 150 ARG 141
1KC8 A RG 631 RG 633 M ARG 8 HIS 13
1KC8 B RA 34 RC 36 O TYR 150 ARG 141
1KD1 A RG 631 RG 633 M ARG 8 HIS 13
1KD1 B RA 34 RC 36 O TYR 150 ARG 141
1KQ2 R RU 5 RG 7 B TYR 42 HIS 58
1KQS 0 RG 631 RG 633 K ARG 8 HIS 13
1KQS 0 RC 964 RA 966 H PHE 90 TYR 19
1KQS 9 RA 34 RC 36 M TYR 150 ARG 141
1M1K A RG 631 RG 633 M ARG 8 HIS 13
1M1K B RA 34 RC 36 O TYR 150 ARG 141
1M8V O RU 2 RU 4 M HIS 610 TYR 634
1M8V P RU 2 RU 4 K HIS 410 TYR 434
1M8V Q RU 2 RU 4 F HIS 610 TYR 634
1M8V R RU 2 RU 4 E HIS 510 TYR 534
1M8V T RU 2 RU 4 B HIS 210 TYR 234
1M8WA D RU 1 RU 3 B TYR 1123 TYR 1044
1M8WA D RU 1 RU 3 B TYR 1123 ARG 1008
1M8WB E RU 4 RC 6 A TYR 1044 ARG 1008
1M8WB F RU 1 RU 3 B TYR 1123 TYR 1044
1M8WB F RU 3 RC 5 B TYR 1044 ARG 1008
1M8X D RU 1 RU 3 B TYR 1123 TYR 1044
1M8X D RU 1 RU 3 B TYR 1123 ARG 1008
1M8Y C RA 1 RU 3 A HIS 1159 TYR 1123
1M8Y C RA 1 RU 3 A TYR 1123 HIS 1159
1M90 A RG 631 RG 633 M ARG 8 HIS 13
1M90 A RC 964 RA 966 J PHE 90 TYR 19
1M90 B RA 34 RC 36 O TYR 150 ARG 141
1N8R A RG 631 RG 633 M ARG 8 HIS 13
1N8R B RA 34 RC 36 O TYR 150 ARG 141
1NJI A RG 631 RG 633 M ARG 8 HIS 13
1NJI A RC 964 RA 966 J PHE 90 TYR 19
1NJI B RA 34 RC 36 O TYR 150 ARG 141
1Q7Y A RG 631 RG 633 M ARG 8 HIS 13
1Q7Y A RC 964 RA 966 J PHE 90 TYR 19
1Q7Y B RA 34 RC 36 O TYR 150 ARG 141
1Q81 A RG 631 RG 633 M ARG 8 HIS 13
1Q82 A RG 631 RG 633 M ARG 8 HIS 13
1Q82 B RA 34 RC 36 O TYR 150 ARG 141
1Q86 A RG 631 RG 633 M ARG 8 HIS 13
1Q86 B RA 34 RC 36 O TYR 150 ARG 141
1QU3 T RA 36 RA 38 A PHE 654 ARG 17
1QVF 0 RG 631 RG 633 K ARG 8 HIS 13
1QVF 9 RA 34 RC 36 M TYR 150 ARG 141
1QVG 0 RG 631 RG 633 K ARG 8 HIS 13
1QVG 0 RC 964 RA 966 H PHE 90 TYR 19
1QVG 9 RA 34 RC 36 M TYR 150 ARG 141
1R3E C RA 9 RC 11 A HIS 43 HIS 26
1RGO D RU 2 RU 4 A PHE 214 TYR 208
1RGO D RU 4 RU 6 A TYR 208 PHE 176
1RGO D RU 6 RU 8 A PHE 176 TYR 170
1S72 0 RG 630 RG 632 L ARG 8 HIS 13
1S72 9 RA 34 RC 36 N TYR 150 ARG 141
1VQ4 0 RG 630 RG 632 L ARG 8 HIS 13
1VQ4 9 RA 34 RC 36 N TYR 150 ARG 141
1VQ5 0 RG 630 RG 632 L ARG 8 HIS 13
1VQ5 9 RA 34 RC 36 N TYR 150 ARG 141
1VQ6 0 RG 630 RG 632 L ARG 8 HIS 13
1VQ6 9 RA 34 RC 36 N TYR 150 ARG 141
1VQ7 0 RG 630 RG 632 L ARG 8 HIS 13
1VQ7 9 RA 34 RC 36 N TYR 150 ARG 141
1VQ8 0 RG 630 RG 632 L ARG 8 HIS 13
1VQ8 9 RA 34 RC 36 N TYR 150 ARG 141
1VQ9 0 RG 630 RG 632 L ARG 8 HIS 13
1VQ9 9 RA 34 RC 36 N TYR 150 ARG 141
1VQK 0 RG 630 RG 632 L ARG 8 HIS 13
1VQK 0 RC 1608 RC 1610 A HIS 47 PHE 169
1VQK 9 RA 34 RC 36 N TYR 150 ARG 141
1VQL 0 RG 630 RG 632 L ARG 8 HIS 13
1VQL 0 RC 1608 RC 1610 A HIS 47 PHE 169
1VQL 9 RA 34 RC 36 N TYR 150 ARG 141
1VQM 0 RG 630 RG 632 L ARG 8 HIS 13
1VQM 0 RC 1608 RC 1610 A HIS 47 PHE 169
1VQM 9 RA 34 RC 36 N TYR 150 ARG 141
1VQN 0 RG 630 RG 632 L ARG 8 HIS 13
1VQN 9 RA 34 RC 36 N TYR 150 ARG 141
1VQO 0 RG 630 RG 632 L ARG 8 HIS 13
1VQO 9 RA 34 RC 36 N TYR 150 ARG 141
1VQP 0 RG 630 RG 632 L ARG 8 HIS 13
1VQP 0 RC 1608 RC 1610 A HIS 47 PHE 169
1VQP 9 RA 34 RC 36 N TYR 150 ARG 141
1W2B 0 RG 631 RG 633 K ARG 8 HIS 13
1W2B 0 RC 964 RA 966 H PHE 90 TYR 19
1YHQ 0 RG 630 RG 632 L ARG 8 HIS 13
1YHQ 9 RA 34 RC 36 N TYR 150 ARG 141
1YI2 0 RG 630 RG 632 L ARG 8 HIS 13
1YI2 9 RA 34 RC 36 N TYR 150 ARG 141
1YIJ 0 RG 630 RG 632 L ARG 8 HIS 13
1YIJ 9 RA 34 RC 36 N TYR 150 ARG 141
1YIT 0 RG 630 RG 632 L ARG 8 HIS 13
1YIT 9 RA 34 RC 36 N TYR 150 ARG 141
1YJ9A 0 RG 630 RG 632 L ARG 8 HIS 13
1YJ9A 9 RA 34 RC 36 N TYR 150 ARG 141
1YJ9B 0 RG 630 RG 632 L ARG 8 HIS 13
1YJ9B 9 RA 34 RC 36 N TYR 150 ARG 141
1YJN 0 RG 630 RG 632 L ARG 8 HIS 13
1YJN 9 RA 34 RC 36 N TYR 150 ARG 141
1YJW 0 RG 630 RG 632 L ARG 8 HIS 13
1YJW 9 RA 34 RC 36 N TYR 150 ARG 141
1YVP G RC 2 RG 4 A ARG 283 ARG 252
1YVP H RC 4 RG 6 B ARG 255 ARG 252
1ZBN A RG 8 RA 10 B TYR 17 ARG 6
1ZE2 C RA 13 RC 15 A HIS 17 HIS 34
1ZL3 B RU 10 RG 12 A TYR 179 ARG 141
2AB4 B RA 11 RC 13 A HIS 17 HIS 34
2B3J E RC 5 RG 7 A PHE 145 HIS 53
2B3J E RG 7 RG 9 A HIS 53 PHE 145
2CJK B RA 2 RA 4 A PHE 246 TRP 168
2FY1 B RA 10 RA 12 A ARG 17 PHE 11
2I82 E RA 11 RA 13 A ARG 62 TRP 119
2I82 F RA 11 RA 13 B ARG 362 TRP 419
2I82 G RA 11 RA 13 C ARG 662 TRP 719
2I91 D RU 9 RU 11 A ARG 338 ARG 283
2IX1 B RA 3 RA 5 A PHE 588 HIS 103
2IX1 B RA 3 RA 5 A PHE 588 ARG 167
2IX1 B RA 9 RA 11 A PHE 358 TYR 253
2IX1 B RA 9 RA 11 A PHE 358 ARG 382
2KG0 B RA 1 RG 3 A PHE 120 TYR 180
2KG0 B RG 4 RU 6 A TYR 180 ARG 116
2KG1 B RA 1 RG 3 A TYR 298 TYR 356
2KM8 A RA 2 RA 4 C PHE 246 TRP 168
2KM8 A RA 4 RA 6 C TRP 168 PHE 162
2KXN A RG 3 RA 5 B PHE 123 PHE 163
2LEB B RC 3 RG 5 A PHE 59 TYR 44
2LEC B RG 3 RG 5 A PHE 59 TYR 44
2LEC B RG 3 RG 5 A PHE 59 ARG 94
2MFE B RC 8 RA 10 C ARG 44 ARG 50
2MQO B RC 1 RC 3 A PHE 165 HIS 100
2MQV B RC 16 RG 18 A TYR 28 TRP 35
2MS0 B RU 7 RG 9 A TYR 28 TRP 35
2MS1 B RU 7 RG 9 A TYR 28 TRP 35
2OTJ 0 RG 630 RG 632 L ARG 8 HIS 13
2OTJ 9 RA 34 RC 36 N TYR 150 ARG 141
2OTL 0 RG 630 RG 632 L ARG 8 HIS 13
2OTL 9 RA 34 RC 36 N TYR 150 ARG 141
2OZB C RA 14 RG 16 B ARG 293 HIS 270
2OZB F RA 14 RG 16 E ARG 293 HIS 270
2QA4 0 RG 630 RG 632 L ARG 8 HIS 13
2QA4 9 RA 34 RC 36 N TYR 150 ARG 141
2QEX 0 RG 630 RG 632 L ARG 8 HIS 13
2QEX 9 RA 34 RC 36 N TYR 150 ARG 141
2RRA B RG 4 RA 6 A PHE 123 PHE 163
2RS2 B RG 1 RA 3 A TRP 29 PHE 23
2RS2 B RG 1 RA 3 A TRP 29 PHE 96
2UWM C RC 9 RG 11 A ARG 606 ARG 624
2UXC A RC 271 RA 273 Q ARG 91 TYR 95
2VOP B RU 2 RU 4 A PHE 35 TYR 23
2YH1 B RU 4 RU 6 A PHE 304 TYR 152
2YJY C RA 1 RU 3 A HIS 1159 TYR 1123
2YJY C RA 1 RU 3 A TYR 1123 HIS 1159
2YJY C RA 6 RA 8 A TYR 1044 ARG 864
2YJY C RA 6 RA 8 A TYR 1044 TYR 900
2YJY C RA 6 RA 8 A TYR 1044 ARG 936
2YJY C RA 6 RA 8 A TYR 1044 HIS 972
2YJY D RG 4 RA 6 B TYR 1123 TYR 1044
2YJY D RA 6 RA 8 B TYR 1044 ARG 864
2YJY D RA 6 RA 8 B TYR 1044 TYR 900
2YJY D RA 6 RA 8 B TYR 1044 ARG 936
2YJY D RA 6 RA 8 B TYR 1044 HIS 972
2ZNI C RC 70 RA 72 B PHE 172 HIS 168
2ZNI C RC 70 RA 72 B HIS 168 PHE 172
2ZNI D RC 70 RA 72 A PHE 172 HIS 168
2ZNI D RC 70 RA 72 A HIS 168 PHE 172
2ZUEA B RG 19 RA 21 A PHE 47 TYR 85
2ZUEB B RG 19 RA 21 A PHE 47 TYR 85
2ZUFA B RG 19 RA 21 A PHE 47 TYR 85
2ZUFB B RG 19 RA 21 A PHE 47 TYR 85
3A6P E RC 22 RC 24 A ARG 602 ARG 835
3A6P J RC 22 RC 24 F ARG 602 ARG 835
3ADB D RG 89 RC 91 B TYR 79 TRP 46
3ADC C RG 85 RC 87 A TYR 79 TRP 46
3ADC D RG 89 RC 91 B TYR 79 TRP 46
3AHU X RA 1 RA 3 A PHE 24 PHE 29
3AHU X RA 3 RA 5 B PHE 24 PHE 29
3BSB C RU 1 RU 3 B TYR 1123 TYR 1044
3BSB C RU 1 RU 3 B TYR 1123 ARG 1008
3BSB C RA 5 RG 7 B TYR 1044 HIS 972
3BSB C RA 5 RG 7 B TYR 1044 ARG 936
3BSB C RA 5 RG 7 B TYR 1044 TYR 900
3BSB C RA 5 RG 7 B ARG 1008 HIS 972
3BSB C RA 5 RG 7 B ARG 1008 ARG 936
3BSB C RA 5 RG 7 B ARG 1008 TYR 900
3BSX C RA 6 RA 8 A TYR 1044 HIS 972
3BSX C RA 6 RA 8 A TYR 1044 ARG 936
3BSX C RA 6 RA 8 A TYR 1044 TYR 900
3BSX C RA 6 RA 8 A ARG 1008 HIS 972
3BSX C RA 6 RA 8 A ARG 1008 ARG 936
3BSX C RA 6 RA 8 A ARG 1008 TYR 900
3BSX D RU 1 RU 3 B TYR 1123 TYR 1044
3BSX D RU 1 RU 3 B TYR 1123 ARG 1008
3BSX D RA 5 RA 7 B TYR 1044 ARG 936
3BSX D RA 5 RA 7 B TYR 1044 HIS 972
3BSX D RA 5 RA 7 B ARG 1008 ARG 936
3BSX D RA 5 RA 7 B ARG 1008 HIS 972
3BX2 C RU 1 RU 3 A TYR 839 TYR 760
3BX2 C RA 4 RA 6 A TYR 760 ARG 579
3BX2 C RA 4 RA 6 A TYR 760 TYR 615
3BX2 C RA 4 RA 6 A TYR 760 ARG 651
3BX2 C RA 4 RA 6 A TYR 760 HIS 688
3BX2 C RA 6 RU 8 A ARG 579 TYR 615
3BX2 C RA 6 RU 8 A ARG 579 ARG 651
3BX2 C RA 6 RU 8 A ARG 579 HIS 688
3BX2 C RA 6 RU 8 A TYR 615 ARG 579
3BX2 C RA 6 RU 8 A TYR 615 ARG 651
3BX2 C RA 6 RU 8 A TYR 615 HIS 688
3BX2 C RA 6 RU 8 A ARG 651 ARG 579
3BX2 C RA 6 RU 8 A ARG 651 TYR 615
3BX2 C RA 6 RU 8 A ARG 651 HIS 688
3BX2 C RA 6 RU 8 A HIS 688 ARG 579
3BX2 C RA 6 RU 8 A HIS 688 TYR 615
3BX2 C RA 6 RU 8 A HIS 688 ARG 651
3BX2 D RU 1 RU 3 B TYR 839 TYR 760
3BX2 D RA 4 RA 6 B TYR 760 ARG 579
3BX2 D RA 4 RA 6 B TYR 760 TYR 615
3BX2 D RA 4 RA 6 B TYR 760 ARG 651
3BX2 D RA 4 RA 6 B TYR 760 HIS 688
3BX2 D RA 6 RU 8 B ARG 579 TYR 615
3BX2 D RA 6 RU 8 B ARG 579 ARG 651
3BX2 D RA 6 RU 8 B ARG 579 HIS 688
3BX2 D RA 6 RU 8 B TYR 615 ARG 579
3BX2 D RA 6 RU 8 B TYR 615 ARG 651
3BX2 D RA 6 RU 8 B TYR 615 HIS 688
3BX2 D RA 6 RU 8 B ARG 651 ARG 579
3BX2 D RA 6 RU 8 B ARG 651 TYR 615
3BX2 D RA 6 RU 8 B ARG 651 HIS 688
3BX2 D RA 6 RU 8 B HIS 688 ARG 579
3BX2 D RA 6 RU 8 B HIS 688 TYR 615
3BX2 D RA 6 RU 8 B HIS 688 ARG 651
3BX3 C RU 1 RU 3 A TYR 839 ARG 724
3BX3 C RU 1 RU 3 A TYR 839 TYR 760
3BX3 C RA 4 RA 6 A ARG 724 ARG 579
3BX3 C RA 4 RA 6 A ARG 724 TYR 615
3BX3 C RA 4 RA 6 A ARG 724 ARG 651
3BX3 C RA 4 RA 6 A ARG 724 HIS 688
3BX3 C RA 4 RA 6 A TYR 760 ARG 579
3BX3 C RA 4 RA 6 A TYR 760 TYR 615
3BX3 C RA 4 RA 6 A TYR 760 ARG 651
3BX3 C RA 4 RA 6 A TYR 760 HIS 688
3BX3 D RU 1 RU 3 B TYR 839 ARG 724
3BX3 D RU 1 RU 3 B TYR 839 TYR 760
3BX3 D RA 4 RA 6 B ARG 724 HIS 688
3BX3 D RA 4 RA 6 B ARG 724 ARG 651
3BX3 D RA 4 RA 6 B ARG 724 TYR 615
3BX3 D RA 4 RA 6 B TYR 760 HIS 688
3BX3 D RA 4 RA 6 B TYR 760 ARG 651
3BX3 D RA 4 RA 6 B TYR 760 TYR 615
3CC2 0 RG 630 RG 632 L ARG 8 HIS 13
3CC2 9 RA 34 RC 36 N TYR 150 ARG 141
3CC4 0 RG 630 RG 632 L ARG 8 HIS 13
3CC4 9 RA 34 RC 36 N TYR 150 ARG 141
3CC7 0 RG 630 RG 632 L ARG 8 HIS 13
3CC7 9 RA 34 RC 36 N TYR 150 ARG 141
3CCE 0 RG 630 RG 632 L ARG 8 HIS 13
3CCE 9 RA 34 RC 36 N TYR 150 ARG 141
3CCJ 0 RG 630 RG 632 L ARG 8 HIS 13
3CCL 0 RG 630 RG 632 L ARG 8 HIS 13
3CCL 9 RA 34 RC 36 N TYR 150 ARG 141
3CCM 0 RG 630 RG 632 L ARG 8 HIS 13
3CCM 9 RA 34 RC 36 N TYR 150 ARG 141
3CCQ 0 RG 630 RG 632 L ARG 8 HIS 13
3CCQ 9 RA 34 RC 36 N TYR 150 ARG 141
3CCR 0 RG 630 RG 632 L ARG 8 HIS 13
3CCR 9 RA 34 RC 36 N TYR 150 ARG 141
3CCS 0 RG 630 RG 632 L ARG 8 HIS 13
3CCS 9 RA 34 RC 36 N TYR 150 ARG 141
3CCU 0 RG 630 RG 632 L ARG 8 HIS 13
3CCU 9 RA 34 RC 36 N TYR 150 ARG 141
3CCV 0 RG 630 RG 632 L ARG 8 HIS 13
3CCV 9 RA 34 RC 36 N TYR 150 ARG 141
3CD6 0 RG 630 RG 632 L ARG 8 HIS 13
3CD6 9 RA 34 RC 36 N TYR 150 ARG 141
3CMA 0 RG 630 RG 632 L ARG 8 HIS 13
3CMA 9 RA 34 RC 36 N TYR 150 ARG 141
3CME 0 RG 630 RG 632 L ARG 8 HIS 13
3CME 9 RA 34 RC 36 N TYR 150 ARG 141
3CPW 0 RG 631 RG 633 K ARG 8 HIS 13
3CPW 9 RA 34 RC 36 M TYR 150 ARG 141
3CXC 0 RG 631 RG 633 K ARG 8 HIS 13
3CXC 0 RC 964 RA 966 H PHE 90 TYR 19
3CXC 9 RA 34 RC 36 M TYR 150 ARG 141
3DD2 B RG 16 RA 18 H ARG 165 ARG 233
3EPH F RU 31 RC 33 B PHE 190 ARG 170
3G4S 9 RA 34 RC 36 N TYR 150 ARG 141
3G6E 0 RG 630 RG 632 L ARG 8 HIS 13
3G6E 9 RA 34 RC 36 N TYR 150 ARG 141
3G71 0 RG 630 RG 632 L ARG 8 HIS 13
3G71 9 RA 34 RC 36 N TYR 150 ARG 141
3HSB X RA 1 RA 3 A PHE 24 PHE 29
3HSB X RA 3 RA 5 B PHE 24 PHE 29
3HSB X RA 5 RA 7 C PHE 24 PHE 29
3I55 0 RG 630 RG 632 L ARG 8 HIS 13
3I55 9 RA 34 RC 36 N TYR 150 ARG 141
3I56 0 RG 630 RG 632 L ARG 8 HIS 13
3IEVA D RA 4 RC 6 A TRP 280 TYR 276
3K49 B RU 3 RU 5 A TYR 825 TYR 734
3K49 B RU 3 RU 5 A TYR 825 ARG 698
3K49 D RU 3 RU 5 C TYR 825 TYR 734
3K49 D RU 3 RU 5 C TYR 825 ARG 698
3K49 F RU 3 RU 5 E TYR 825 TYR 734
3K49 F RU 3 RU 5 E TYR 825 ARG 698
3K4E B RU 3 RU 5 A TYR 825 TYR 734
3K4E B RU 3 RU 5 A TYR 825 ARG 698
3K4E D RU 3 RU 5 C TYR 825 TYR 734
3K4E D RU 3 RU 5 C TYR 825 ARG 698
3K4E F RU 3 RU 5 E TYR 825 TYR 734
3K4E F RU 3 RU 5 E TYR 825 ARG 698
3NNH E RU 4 RU 6 A PHE 19 ARG 51
3OW2 0 RG 631 RG 633 K ARG 8 HIS 13
3OW2 0 RC 964 RA 966 H PHE 90 TYR 19
3OW2 9 RA 34 RC 36 M TYR 150 ARG 141
3PIO X RG 122 RA 124 2 ARG 19 PHE 18
3PIP X RG 122 RA 124 2 ARG 19 PHE 18
3PU4 R RU 40 RU 42 E ARG 317 ARG 408
3Q0N C RA 4 RA 6 A TYR 1044 HIS 972
3Q0N C RA 4 RA 6 A TYR 1044 ARG 936
3Q0N C RA 4 RA 6 A TYR 1044 TYR 900
3Q0O C RU 1 RU 3 A TYR 1123 TYR 1044
3Q0O C RU 1 RU 3 A TYR 1123 ARG 1008
3Q0O D RU 1 RU 3 B TYR 1123 TYR 1044
3Q0O D RU 1 RU 3 B TYR 1123 ARG 1008
3Q0Q B RU 1 RU 3 A TYR 1003 TYR 924
3Q0Q B RU 1 RU 3 A TYR 1003 ARG 888
3Q0R B RU 1 RU 3 A TYR 1003 TYR 924
3Q0R B RU 1 RU 3 A TYR 1003 ARG 888
3Q0S B RA 4 RA 6 A TYR 924 ARG 742
3Q0S B RA 4 RA 6 A TYR 924 TYR 778
3Q0S B RA 4 RA 6 A TYR 924 ARG 814
3Q0S B RA 4 RA 6 A TYR 924 HIS 852
3QJJ Q RU 8 RA 10 A PHE 18 TRP 147
3QJJ Q RU 8 RA 10 A PHE 18 ARG 201
3QJJ R RU 8 RA 10 B PHE 18 TRP 147
3QJJ R RU 8 RA 10 B PHE 18 ARG 201
3QJL R RU 8 RA 10 A PHE 18 TRP 147
3QJL R RU 8 RA 10 A PHE 18 ARG 201
3QJL X RU 8 RA 10 B PHE 18 TRP 147
3QJL X RU 8 RA 10 B PHE 18 ARG 201
3QJP R RU 6 RA 8 A PHE 18 TRP 147
3QJP R RU 6 RA 8 A PHE 18 ARG 201
3QSU P RA 1 RA 3 E PHE 25 PHE 30
3QSU R RA 1 RA 3 A PHE 25 PHE 26
3R2C R RC 6 RU 8 A PHE 104 PHE 122
3R2C S RC 6 RU 8 B PHE 104 PHE 122
3TS0 U RG 6 RG 8 A PHE 84 HIS 75
3TS0 V RG 6 RG 8 B PHE 84 HIS 75
3TS2 U RA 7 RG 9 A ARG 85 HIS 75
3TS2 U RA 12 RC 14 A TRP 46 ARG 122
3TS2 V RA 7 RG 9 B ARG 85 HIS 75
3TS2 V RA 12 RC 14 B TRP 46 ARG 122
3V71 B RC 1 RG 3 A PHE 439 TYR 389
3V71 B RC 1 RG 3 A PHE 439 HIS 342
3V71 B RC 1 RG 3 A PHE 439 TYR 303
3V74 B RC 1 RU 3 A PHE 552 TYR 501
3V74 B RC 1 RU 3 A PHE 552 HIS 454
3V74 B RC 1 RU 3 A PHE 552 TYR 416
3V74 B RC 1 RU 3 A TYR 501 PHE 552
3V74 B RC 1 RU 3 A TYR 501 HIS 454
3V74 B RC 1 RU 3 A TYR 501 TYR 416
3V74 B RC 1 RU 3 A HIS 454 PHE 552
3V74 B RC 1 RU 3 A HIS 454 TYR 501
3V74 B RC 1 RU 3 A HIS 454 TYR 416
3V74 B RC 1 RU 3 A TYR 416 PHE 552
3V74 B RC 1 RU 3 A TYR 416 TYR 501
3V74 B RC 1 RU 3 A TYR 416 HIS 454
484D B RA 11 RU 13 A ARG 46 ARG 48
4ATO G RA 3 RU 5 A PHE 29 PHE 151
4B3G G RA 3 RA 5 A HIS 411 ARG 270
4B3S A RC 271 RA 273 Q ARG 37 TYR 94
4CSF a RU 1 RU 3 A TYR 32 PHE 35
4CSF c RU 1 RU 3 C TYR 32 PHE 35
4CSF e RU 1 RU 3 E TYR 32 PHE 35
4CSF g RU 1 RU 3 G TYR 32 PHE 35
4CSF i RU 1 RU 3 I TYR 32 PHE 35
4CSF k RU 1 RU 3 K TYR 32 PHE 35
4CSF m RU 1 RU 3 M TYR 32 PHE 35
4CSF o RU 1 RU 3 O TYR 32 PHE 35
4CSF q RU 1 RU 3 Q TYR 32 PHE 35
4CSF s RU 1 RU 3 S TYR 32 PHE 35
4CSF u RU 1 RU 3 U TYR 32 PHE 35
4CSF w RU 1 RU 3 W TYR 32 PHE 35
4DR2 A RG 269 RC 271 Q TYR 95 ARG 91
4DR3 A RG 269 RC 271 Q TYR 95 ARG 38
4DUYA A RG 269 RC 271 Q TYR 95 ARG 38
4DUYB A RG 269 RC 271 Q TYR 95 ARG 38
4DV6A A RG 269 RC 271 Q TYR 95 ARG 91
4DV6B A RG 269 RC 271 Q TYR 95 ARG 91
4DV7 A RG 269 RC 271 Q TYR 95 ARG 38
4DZS C RU 1 RU 3 A TYR 839 TYR 760
4DZS C RU 5 RA 7 A TYR 760 ARG 651
4DZS C RU 5 RA 7 A TYR 760 HIS 688
4DZS D RU 1 RU 3 B TYR 839 TYR 760
4DZS D RU 5 RA 7 B TYR 760 ARG 579
4DZS D RU 5 RA 7 B TYR 760 TYR 615
4DZS D RU 5 RA 7 B TYR 760 ARG 651
4DZS D RU 5 RA 7 B TYR 760 HIS 688
4ERD D RU 3 RG 5 A ARG 522 TYR 407
4F02 B RA 4 RA 6 A PHE 142 TYR 14
4F02 B RA 4 RA 6 A PHE 142 ARG 94
4F02 B RA 6 RA 8 A TYR 14 TYR 56
4F02 B RA 6 RA 8 A ARG 94 TYR 56
4F02 E RA 4 RA 6 D PHE 142 TYR 14
4F02 E RA 4 RA 6 D PHE 142 ARG 94
4F02 E RA 6 RA 8 D TYR 14 TYR 56
4F02 E RA 6 RA 8 D ARG 94 TYR 56
4F3T R RC 8 RU 10 A ARG 710 ARG 635
4H5P E RU 1 RU 3 A TYR 30 PHE 33
4H5P E RU 8 RU 10 B TYR 30 PHE 33
4H5P F RU 1 RU 3 D TYR 30 PHE 33
4H5P F RU 8 RU 10 C TYR 30 PHE 33
4IO9 X RC 1483 RA 1485 A TYR 84 TRP 214
4IOA X RC 1483 RA 1485 A TYR 84 TRP 214
4IOA X RG 1709 RC 1711 A ARG 157 TYR 62
4JI0A A RG 269 RC 271 Q TYR 95 ARG 38
4JI0B A RG 269 RC 271 Q TYR 95 ARG 38
4JI7A A RG 271 RC 273 Q TYR 95 ARG 38
4JI7A A RC 1353 RU 1355 G ARG 76 ARG 3
4JI7B A RG 271 RC 273 Q TYR 95 ARG 38
4JI7B A RC 1353 RU 1355 G ARG 76 ARG 3
4JXX B RC 32 RG 34 A ARG 410 TRP 548
4KHP A RG 269 RC 271 Q TYR 95 ARG 38
4KHP A RG 269 RC 271 Q TYR 95 ARG 91
4KRE R RA 8 RA 10 A ARG 708 PHE 292
4KRF R RG 8 RA 10 A ARG 708 ARG 633
4LF4 A RG 269 RC 271 Q TYR 95 ARG 91
4LF9 A RG 269 RC 271 Q TYR 95 ARG 91
4LFB A RG 269 RC 271 Q TYR 95 ARG 38
4N0T B RA 15 RU 17 A PHE 257 ARG 201
4N0T B RA 18 RA 20 A ARG 201 TRP 120
4NGG B RC 11 RU 13 A TRP 1014 TYR 961
4OAU A RA 1 RA 3 C PHE 126 TRP 60
4OAV A RA 1 RA 3 D PHE 126 TRP 60
4OAV C RA 1 RA 3 B PHE 126 TRP 60
4OLB B RA 7 RU 9 A ARG 710 TYR 311
4OO8 B RA 51 RG 53 A PHE 1105 ARG 69
4OO8 E RA 51 RG 53 D PHE 1105 ARG 69
4P3EA A RG 33 RG 35 B ARG 101 ARG 14
4P3EB A RG 33 RG 35 B ARG 101 ARG 14
4PKD V RA 35 RC 37 B ARG 265 PHE 171
4PKD V RA 35 RC 37 B ARG 265 TRP 252
4PMW C RU 7 RU 9 A PHE 84 TYR 433
4QM6A C RC 2 RG 4 A PHE 58 TYR 128
4QM6A D RC 2 RG 4 B PHE 58 TYR 128
4QM6B C RC 2 RG 4 A PHE 58 TYR 128
4QM6B D RC 2 RG 4 B PHE 58 TYR 128
4RCJ B RG 1 RC 3 A TYR 397 ARG 506
4UN4 A RA 51 RG 53 B PHE 1105 ARG 69
4UN5 A RA 51 RG 53 B PHE 1105 ARG 69
4WF9 X RG 120 RA 122 2 ARG 20 ARG 11
4WF9 X RU 1220 RA 1222 I ARG 18 ARG 21
4WFA X RG 123 RA 125 2 ARG 20 PHE 19
4WFA X RU 1221 RA 1223 I ARG 18 ARG 21
4WFB X RU 1219 RA 1221 I ARG 18 ARG 21
4WJ4 B RU 36 RA 38 A PHE 36 HIS 31
4X65 A RG 269 RC 271 Q TYR 95 ARG 91
4X66 A RG 269 RC 271 Q TYR 95 ARG 91
4ZLR C RU 9 RU 11 B TYR 829 PHE 916
4ZT0 B RA 41 RG 43 A PHE 1105 ARG 69
4ZT0 D RA 41 RG 43 C PHE 1105 ARG 69
4ZT9 B RA 41 RG 43 A PHE 1105 ARG 69
4ZT9 D RA 41 RG 43 C PHE 1105 ARG 69
5AXW B RG 68 RG 70 A ARG 54 ARG 47
5B2O B RA 60 RU 62 A ARG 62 ARG 58
5B2Q B RA 60 RU 62 A ARG 62 ARG 58
5B2R A RA 51 RG 53 B PHE 1105 ARG 69
5B2S A RA 51 RG 53 B PHE 1105 ARG 69
5B2T A RA 51 RG 53 B PHE 1105 ARG 69
5BYM C RU 1 RU 3 A TYR 520 TYR 417
5BYM C RC 5 RA 7 A TYR 417 ARG 300
5BYM C RC 5 RA 7 A TYR 417 HIS 343
5BZ1A B RU 1 RU 3 A TYR 520 TYR 417
5BZ1A B RA 4 RU 6 A TYR 417 HIS 378
5BZ1A B RU 7 RU 9 A ARG 226 TYR 264
5BZ1A B RU 7 RU 9 A ARG 226 ARG 300
5BZ1A B RU 7 RU 9 A ARG 226 HIS 343
5BZ1A B RU 7 RU 9 A TYR 264 ARG 226
5BZ1A B RU 7 RU 9 A TYR 264 ARG 300
5BZ1A B RU 7 RU 9 A TYR 264 HIS 343
5BZ1A B RU 7 RU 9 A ARG 300 ARG 226
5BZ1A B RU 7 RU 9 A ARG 300 TYR 264
5BZ1A B RU 7 RU 9 A ARG 300 HIS 343
5BZ1A B RU 7 RU 9 A HIS 343 ARG 226
5BZ1A B RU 7 RU 9 A HIS 343 TYR 264
5BZ1A B RU 7 RU 9 A HIS 343 ARG 300
5BZ1B B RU 1 RU 3 A TYR 520 TYR 417
5BZ1B B RA 4 RU 6 A TYR 417 HIS 378
5BZ1B B RU 7 RU 9 A ARG 226 TYR 264
5BZ1B B RU 7 RU 9 A ARG 226 ARG 300
5BZ1B B RU 7 RU 9 A ARG 226 HIS 343
5BZ1B B RU 7 RU 9 A TYR 264 ARG 226
5BZ1B B RU 7 RU 9 A TYR 264 ARG 300
5BZ1B B RU 7 RU 9 A TYR 264 HIS 343
5BZ1B B RU 7 RU 9 A ARG 300 ARG 226
5BZ1B B RU 7 RU 9 A ARG 300 TYR 264
5BZ1B B RU 7 RU 9 A ARG 300 HIS 343
5BZ1B B RU 7 RU 9 A HIS 343 ARG 226
5BZ1B B RU 7 RU 9 A HIS 343 TYR 264
5BZ1B B RU 7 RU 9 A HIS 343 ARG 300
5BZ5 B RU 1 RU 3 A TYR 520 TYR 417
5BZ5 B RA 5 RU 7 A TYR 417 ARG 226
5BZ5 B RA 5 RU 7 A TYR 417 TYR 264
5BZ5 B RA 5 RU 7 A TYR 417 ARG 300
5BZ5 B RA 5 RU 7 A TYR 417 HIS 343
5BZU B RU 1 RU 3 A TYR 520 TYR 417
5BZU B RA 4 RU 6 A TYR 417 ARG 226
5BZU B RA 4 RU 6 A TYR 417 TYR 264
5BZV B RU 1 RU 3 A TYR 520 TYR 417
5BZV B RA 4 RU 6 A TYR 417 HIS 378
5CZZ B RG 68 RG 70 A ARG 54 ARG 47
5DM6 X RG 122 RA 124 2 ARG 19 PHE 18
5DM6 X RU 1165 RC 1167 I ARG 18 ARG 21
5DM6 X RC 1483 RA 1485 A TYR 84 TRP 214
5DM7 X RG 122 RA 124 2 ARG 19 PHE 18
5DM7 X RU 1165 RC 1167 I ARG 18 ARG 21
5DM7 X RC 1483 RA 1485 A TYR 84 TRP 214
5DM7 X RG 1709 RC 1711 A ARG 157 TYR 62
5ELH R RU 1 RA 3 B PHE 149 ARG 119
5FQ5 A RA 51 RG 53 B PHE 1105 ARG 69
5FW3 A RA 51 RG 53 B PHE 1105 ARG 69
5GIP G RG 12 RA 14 B ARG 313 PHE 321
5GIP H RG 10 RA 12 A ARG 313 PHE 321
5GIP R RG 10 RA 12 K ARG 313 PHE 321
5GXHA B RU 2 RU 4 A TRP 14 PHE 381
5GXHA B RU 4 RG 6 A PHE 381 TYR 474
5GXI B RU 2 RU 4 A TRP 14 PHE 381
5H1K C RA 4 RU 6 A TRP 422 TYR 15
5H1K C RU 7 RU 9 A TRP 14 PHE 381
5H1K D RA 3 RU 5 B TRP 422 TYR 15
5H1K D RU 6 RU 8 B TRP 14 PHE 381
5H1L B RU 2 RU 4 A TRP 14 PHE 381
5H3U C RA 2 RU 4 A TRP 422 TYR 15
5H3U C RU 5 RU 7 A TRP 14 PHE 381
5HR7 D RA 36 RG 38 A ARG 344 ARG 274
5IWAA A RG 273 RC 275 Q TYR 95 ARG 38
5IWAA A RG 273 RC 275 Q TYR 95 ARG 91
5IWAA A RG 405 RA 407 D ARG 36 ARG 35
5IWAB A RG 273 RC 275 Q TYR 95 ARG 38
5IWAB A RG 273 RC 275 Q TYR 95 ARG 91
5IWAB A RG 405 RA 407 D ARG 36 ARG 35
5J2W B RG 17 RA 19 A ARG 8 ARG 11
5JEA R RU 24 RA 26 J TYR 595 ARG 600
5JVGA X RC 1511 RA 1513 A TYR 84 TRP 214
5JVGB X RC 1511 RA 1513 A TYR 84 TRP 214
5KLA B RA 4 RA 6 A TYR 1307 ARG 1127
5KLA B RA 4 RA 6 A TYR 1307 TYR 1163
5KLA B RA 4 RA 6 A TYR 1307 ARG 1199
5KLA B RA 4 RA 6 A TYR 1307 HIS 1235
5L2LA C RA 6 RA 8 B ARG 432 ARG 445
5L2LA D RA 7 RA 9 A ARG 432 ARG 445
5L2LB C RA 6 RA 8 B ARG 432 ARG 445
5L2LB G RA 6 RA 8 E ARG 432 ARG 445
5L2LB H RA 6 RA 8 F ARG 432 ARG 445
5LM7 R RA 21 RG 23 N TRP 18 ARG 8
5M73 E RG 69 RA 71 G PHE 108 ARG 150
5NG6 B RU 10 RU 12 A HIS 843 PHE 863
5NG6 D RU 10 RU 12 C HIS 843 PHE 863
5NG6 F RU 10 RU 12 E HIS 843 PHE 863
5NG6 H RU 10 RU 12 G HIS 843 PHE 863
5NRGA X RU 1218 RA 1220 I ARG 18 ARG 21
5NRGB X RU 1218 RA 1220 I ARG 18 ARG 21
5O7H A RC 14 RU 16 D HIS 87 PHE 161
5T7B R RG 7 RA 9 A ARG 710 ARG 635
5TF6 B RA 15 RU 17 A PHE 257 ARG 201
5TF6 B RA 18 RA 20 A ARG 201 TRP 120
5TF6 B RG 23 RU 25 A TYR 162 PHE 154
5TF6 D RA 15 RU 17 C PHE 257 ARG 201
5TF6 D RA 18 RA 20 C ARG 201 TRP 120
5TF6 D RG 23 RU 25 C TYR 162 PHE 154
5UDZ V RG 7 RG 9 A PHE 84 HIS 75
5UDZ W RG 7 RG 9 B PHE 84 HIS 75
5VW1 C RA 41 RG 43 A PHE 1105 ARG 69
5W1H B RA 2 RA 4 A PHE 422 PHE 1300
5W1H B RG 37 RC 39 A ARG 1103 PHE 1338
5W1I B RA 2 RA 4 A PHE 422 PHE 1300
5W1I B RA 14 RA 16 A ARG 189 TYR 376
5W1I B RA 14 RA 16 A TYR 376 ARG 189
5W1I D RA 2 RA 4 C PHE 422 PHE 1300
5W1I D RA 34 RC 36 C ARG 1036 PHE 1338
5W6V R RA 8 RA 10 A ARG 708 PHE 292
5WLH B RA 3 RA 5 A PHE 422 PHE 1300
5WLH B RG 38 RC 40 A ARG 1103 PHE 1338
5WWR C RU 69 RC 71 A ARG 126 TYR 131
5WWR D RU 69 RC 71 B ARG 126 TYR 131
5WWS C RU 69 RC 71 A ARG 126 TYR 131
5WWS D RU 68 RC 70 B ARG 126 TYR 131
5WWT C RU 69 RC 71 A ARG 126 TYR 131
5WWT D RU 68 RC 70 B ARG 126 TYR 131
5WZK B RA 8 RG 10 A PHE 364 HIS 223
5WZK B RA 8 RG 10 A HIS 327 HIS 223
5X2G B RG 68 RG 70 A ARG 55 ARG 48
5X2H B RG 68 RG 70 A ARG 55 ARG 48
5XBL B RC 51 RU 53 A ARG 69 PHE 1105
5XUS B RA 1 RU 3 A HIS 759 ARG 788
5XUT B RA 1 RU 3 A HIS 759 ARG 788
5XUU B RA 1 RU 3 A HIS 759 ARG 788
5XWP C RA 14 RG 16 A TYR 245 ARG 224
5XWP E RA 14 RG 16 B TYR 245 ARG 224
6AAY B RA 22 RU 24 A TYR 884 PHE 887
6AEG A RA 49 RG 51 B PHE 1105 ARG 69
6AI6 B RA 51 RG 53 A PHE 1105 ARG 69
6C6K E RC 6 RG 8 A ARG 388 PHE 392
6D12 C RG 10 RG 12 B TYR 483 ARG 468
6D12 C RG 29 RG 31 A ARG 468 TYR 483
6D12 C RG 29 RG 31 A TYR 483 ARG 468
6DTD C RU 19 RU 21 A TRP 842 ARG 874
6DU4 B RA 15 RA 17 A PHE 46 PHE 187
6FUW D RA 2 RA 4 C HIS 70 PHE 112
6G2K R RU 3 RU 5 B PHE 289 PHE 279
6GD2 D RU 3 RU 5 B PHE 289 PHE 279
6GD3 P RA 2 RU 4 B PHE 289 PHE 279
6H9HA D RU 1 RG 3 A PHE 146 TRP 18
6H9HA E RU 2 RG 4 B PHE 146 TRP 18
6H9HB D RU 1 RG 3 A PHE 146 TRP 18
6H9HB E RU 2 RG 4 B PHE 146 TRP 18
6H9I C RU 1 RG 3 A PHE 146 TRP 18
6H9I E RU 1 RG 3 B PHE 146 TRP 18
6I3P E RU 1 RU 3 A PHE 1134 ARG 1012
6I3P F RU 1 RU 3 B PHE 1134 ARG 1012
6I3P G RU 1 RU 3 C PHE 1134 ARG 1012
6I3P H RU 1 RU 3 D PHE 1134 ARG 1012
6IFN N RA 1 RG 3 B HIS 284 ARG 253
6IV8 B RU 38 RA 40 A PHE 75 ARG 631
6IV8 D RU 38 RA 40 C PHE 75 ARG 631
6IV9 B RU 38 RA 40 A PHE 75 ARG 631
6JIM C RU 3 RU 5 A PHE 287 TYR 161
6JIM D RU 3 RU 5 B PHE 287 TYR 161
6JOO B RU 71 RG 73 A ARG 68 ARG 64
6L1W C RG 2 RC 4 A ARG 170 TYR 108
6L1W C RC 4 RU 6 A TYR 108 HIS 97
6NOD D RA 4 RA 6 A TYR 394 HIS 319
6NOD D RA 4 RA 6 A TYR 394 ARG 283
6NOD E RU 1 RU 3 B TYR 473 TYR 394
6NOD E RA 4 RA 6 B TYR 394 HIS 319
6NOD E RA 4 RA 6 B TYR 394 ARG 283
6NOD F RA 4 RA 6 C TYR 394 HIS 319
6NOD F RA 4 RA 6 C TYR 394 ARG 283
6QIC E RU 1 RU 3 A PHE 1134 ARG 1012
6QIC G RU 1 RU 3 C PHE 1134 ARG 1012
6QIC H RU 1 RU 3 D PHE 1134 ARG 1012
6RA4 M RC 6 RC 8 B ARG 269 PHE 286
6VM6 G RA 1 RA 3 A ARG 301 TRP 449
6VM6 H RA 1 RA 3 B ARG 301 TRP 449
6VM6 I RA 1 RA 3 C ARG 301 TRP 449
6VM6 J RA 1 RA 3 D ARG 301 TRP 449
6VM6 K RA 1 RA 3 E ARG 301 TRP 449
6WAN G RA 1 RA 3 A ARG 301 TRP 449
6XJQ A RG 30 RU 32 H TYR 109 TYR 57
6XJQ A RG 30 RU 32 H TYR 109 TYR 104
6XJQ A RU 32 RU 34 H TYR 57 TYR 110
6XJQ A RU 32 RU 34 H TYR 104 TYR 110
6XJQ B RG 30 RU 32 C TYR 109 TYR 57
6XJQ B RG 30 RU 32 C TYR 109 TYR 104
6XJQ B RU 32 RU 34 C TYR 57 TYR 110
6XJQ B RU 32 RU 34 C TYR 104 TYR 110
6XJW A RG 30 RU 32 H TYR 109 TYR 57
6XJW A RG 30 RU 32 H TYR 109 TYR 104
6XJW A RU 32 RU 34 H TYR 57 TYR 110
6XJW A RU 32 RU 34 H TYR 104 TYR 110
6XJW B RG 30 RU 32 C TYR 109 TYR 57
6XJW B RG 30 RU 32 C TYR 109 TYR 104
6XJW B RU 32 RU 34 C TYR 57 TYR 110
6XJW B RU 32 RU 34 C TYR 104 TYR 110
6XJY A RG 30 RU 32 H TYR 109 TYR 57
6XJY A RG 30 RU 32 H TYR 109 TYR 104
6XJY A RU 32 RU 34 H TYR 57 TYR 110
6XJY A RU 32 RU 34 H TYR 104 TYR 110
6XJY B RG 30 RU 32 C TYR 109 TYR 57
6XJY B RG 30 RU 32 C TYR 109 TYR 104
6XJY B RU 32 RU 34 C TYR 57 TYR 110
6XJY B RU 32 RU 34 C TYR 104 TYR 110
6XJZ A RG 30 RU 32 H TYR 109 TYR 57
6XJZ A RG 30 RU 32 H TYR 109 TYR 104
6XJZ A RU 32 RU 34 H TYR 57 TYR 110
6XJZ A RU 32 RU 34 H TYR 104 TYR 110
6XJZ B RG 30 RU 32 C TYR 109 TYR 57
6XJZ B RG 30 RU 32 C TYR 109 TYR 104
6XJZ B RU 32 RU 34 C TYR 57 TYR 110
6XJZ B RU 32 RU 34 C TYR 104 TYR 110
7A9X B RA 5 RC 7 A ARG 163 ARG 166
7C45 D RU 2 RU 4 A HIS 328 HIS 305
7C45 D RU 2 RU 4 A HIS 328 PHE 311
7C45 D RU 2 RU 4 A PHE 334 HIS 305
7C45 D RU 2 RU 4 A PHE 334 PHE 311
7C45 D RU 4 RU 6 A HIS 305 ARG 179
7C45 D RU 4 RU 6 A HIS 305 TYR 185
7C45 D RU 4 RU 6 A PHE 311 ARG 179
7C45 D RU 4 RU 6 A PHE 311 TYR 185
7CGH B RA 4 RA 6 A TYR 394 HIS 319
7CGH B RA 4 RA 6 A TYR 394 ARG 283
7CGH B RA 4 RA 6 A TYR 394 TYR 247
7DIC C RA 3 RA 5 A ARG 628 TYR 327
7DIC C RA 3 RA 5 A PHE 660 TYR 327
7F3J B RA 3 RC 5 A TRP 100 TYR 173
7F3J D RA 3 RC 5 C TRP 100 TYR 173
7F3J F RA 3 RC 5 E TRP 100 TYR 173
7F3J H RA 3 RC 5 G TRP 100 TYR 173
7F3K B RA 3 RC 5 A TRP 100 TYR 173
7MJW G RU 5 RA 7 B ARG 410 PHE 348
7MJW M RU 5 RA 7 A ARG 410 PHE 348
7MJX D RU 5 RA 7 B ARG 410 PHE 348
7MJX M RU 5 RA 7 A ARG 410 PHE 348
7OX9 A RA 52 RG 54 B PHE 1105 ARG 69
7QQS A RA 52 RG 54 B PHE 1105 ARG 69
7QQU A RA 52 RG 54 B PHE 1105 ARG 69
7QQV A RA 53 RG 55 B PHE 1105 ARG 69
7QQX A RA 53 RG 55 B PHE 1105 ARG 69
7QQZ A RA 52 RG 54 B PHE 1105 ARG 69
7QR0 A RA 51 RG 53 B PHE 1105 ARG 69
7SOS B RA 1 RA 3 A PHE 348 TYR 336
7SOS B RA 1 RA 3 A HIS 368 TYR 336
7SOV B RA 1 RA 3 A PHE 348 TYR 336
7SOV B RA 1 RA 3 A HIS 368 TYR 336
7UU4 R RA 3 RU 5 A TRP 94 TYR 59
7VTIA B RG 19 RU 21 A PHE 579 ARG 578
7VTIA B RU 22 RG 24 A TYR 587 PHE 579
7VTIB B RG 20 RU 22 A PHE 579 ARG 578
7VTIB B RU 23 RG 25 A TYR 587 PHE 579
7ZO1 A RA 53 RG 55 B PHE 1105 ARG 69
8B0R D RA 1 RA 3 A TYR 346 TYR 475
